2023-12-05 17:06:01 [main] INFO  c.a.t.TrainprojectApplication - Starting TrainprojectApplication using Java 20 on DESKTOP-12OB02U with PID 15840 (C:\Users\Adrian\Desktop\Proyecto T-System\TrainProject\trainproject\target\classes started by Adrian in C:\Users\Adrian\Desktop\Proyecto T-System\TrainProject\trainproject)
2023-12-05 17:06:01 [main] INFO  c.a.t.TrainprojectApplication - No active profile set, falling back to 1 default profile: "default"
2023-12-05 17:06:03 [main] INFO  o.s.d.r.c.RepositoryConfigurationDelegate - Bootstrapping Spring Data JPA repositories in DEFAULT mode.
2023-12-05 17:06:03 [main] INFO  o.s.d.r.c.RepositoryConfigurationDelegate - Finished Spring Data repository scanning in 53 ms. Found 7 JPA repository interfaces.
2023-12-05 17:06:03 [main] INFO  o.s.b.w.e.tomcat.TomcatWebServer - Tomcat initialized with port(s): 8034 (http)
2023-12-05 17:06:03 [main] INFO  o.a.catalina.core.StandardService - Starting service [Tomcat]
2023-12-05 17:06:03 [main] INFO  o.a.catalina.core.StandardEngine - Starting Servlet engine: [Apache Tomcat/9.0.80]
2023-12-05 17:06:03 [main] INFO  o.a.c.c.C.[Tomcat].[localhost].[/] - Initializing Spring embedded WebApplicationContext
2023-12-05 17:06:03 [main] INFO  o.s.b.w.s.c.ServletWebServerApplicationContext - Root WebApplicationContext: initialization completed in 2007 ms
2023-12-05 17:06:03 [main] INFO  o.h.jpa.internal.util.LogHelper - HHH000204: Processing PersistenceUnitInfo [name: default]
2023-12-05 17:06:04 [main] INFO  org.hibernate.Version - HHH000412: Hibernate ORM core version 5.6.15.Final
2023-12-05 17:06:04 [main] INFO  o.h.annotations.common.Version - HCANN000001: Hibernate Commons Annotations {5.1.2.Final}
2023-12-05 17:06:04 [main] INFO  com.zaxxer.hikari.HikariDataSource - HikariPool-1 - Starting...
2023-12-05 17:06:04 [main] INFO  com.zaxxer.hikari.HikariDataSource - HikariPool-1 - Start completed.
2023-12-05 17:06:04 [main] INFO  org.hibernate.dialect.Dialect - HHH000400: Using dialect: org.hibernate.dialect.MySQL8Dialect
2023-12-05 17:06:05 [main] DEBUG org.hibernate.SQL - alter table location drop foreign key FKf6mqst7gh2ph2mo59pxvkxn9k
2023-12-05 17:06:05 [main] DEBUG org.hibernate.SQL - alter table schedule drop foreign key FK8x7cqx078595e7vsua30ekjl7
2023-12-05 17:06:05 [main] DEBUG org.hibernate.SQL - alter table stops drop foreign key FKqp6k3uxlab7mgw2fhp6dxuhku
2023-12-05 17:06:05 [main] DEBUG org.hibernate.SQL - alter table stops drop foreign key FKf82al3fuhgw5d2gbfh7gd53b
2023-12-05 17:06:05 [main] DEBUG org.hibernate.SQL - alter table stops drop foreign key FKfusas1nsg9bag3y08wp6b7n16
2023-12-05 17:06:05 [main] DEBUG org.hibernate.SQL - alter table ticket drop foreign key FKffcj5t6w2fl0vhr82vw3wnr05
2023-12-05 17:06:05 [main] DEBUG org.hibernate.SQL - alter table ticket drop foreign key FK3y0nr3g8pk6ygc173mjaaumgh
2023-12-05 17:06:05 [main] DEBUG org.hibernate.SQL - alter table ticket drop foreign key FKn8eptk6anc9d09j3hf9f7y654
2023-12-05 17:06:05 [main] DEBUG org.hibernate.SQL - drop table if exists location
2023-12-05 17:06:05 [main] DEBUG org.hibernate.SQL - drop table if exists passenger
2023-12-05 17:06:05 [main] DEBUG org.hibernate.SQL - drop table if exists schedule
2023-12-05 17:06:05 [main] DEBUG org.hibernate.SQL - drop table if exists station
2023-12-05 17:06:05 [main] DEBUG org.hibernate.SQL - drop table if exists stops
2023-12-05 17:06:05 [main] DEBUG org.hibernate.SQL - drop table if exists ticket
2023-12-05 17:06:05 [main] DEBUG org.hibernate.SQL - drop table if exists train
2023-12-05 17:06:05 [main] DEBUG org.hibernate.SQL - create table location (id bigint not null auto_increment, created_at datetime(6), lat double precision not null, lng double precision not null, passenger_id bigint, primary key (id)) engine=InnoDB
2023-12-05 17:06:05 [main] DEBUG org.hibernate.SQL - create table passenger (id bigint not null auto_increment, date_birth varchar(255), email varchar(255), employe bit not null, name varchar(255), password varchar(255), surname varchar(255), username varchar(255), validate bit not null, validation_token varchar(255), primary key (id)) engine=InnoDB
2023-12-05 17:06:05 [main] DEBUG org.hibernate.SQL - create table schedule (id bigint not null auto_increment, train_id bigint, primary key (id)) engine=InnoDB
2023-12-05 17:06:05 [main] DEBUG org.hibernate.SQL - create table station (id bigint not null auto_increment, lat double precision not null, lng double precision not null, name varchar(255), primary key (id)) engine=InnoDB
2023-12-05 17:06:05 [main] DEBUG org.hibernate.SQL - create table stops (id bigint not null auto_increment, time datetime(6), schedule_id bigint, station_id bigint, train_id bigint, primary key (id)) engine=InnoDB
2023-12-05 17:06:05 [main] DEBUG org.hibernate.SQL - create table ticket (id bigint not null auto_increment, seat integer not null, end_stop_station_id bigint, passenger_id bigint, start_stop_station_id bigint, primary key (id)) engine=InnoDB
2023-12-05 17:06:05 [main] DEBUG org.hibernate.SQL - create table train (id bigint not null auto_increment, number integer not null, seats integer not null, primary key (id)) engine=InnoDB
2023-12-05 17:06:05 [main] DEBUG org.hibernate.SQL - alter table location add constraint FKf6mqst7gh2ph2mo59pxvkxn9k foreign key (passenger_id) references passenger (id)
2023-12-05 17:06:05 [main] DEBUG org.hibernate.SQL - alter table schedule add constraint FK8x7cqx078595e7vsua30ekjl7 foreign key (train_id) references train (id)
2023-12-05 17:06:05 [main] DEBUG org.hibernate.SQL - alter table stops add constraint FKqp6k3uxlab7mgw2fhp6dxuhku foreign key (schedule_id) references schedule (id)
2023-12-05 17:06:05 [main] DEBUG org.hibernate.SQL - alter table stops add constraint FKf82al3fuhgw5d2gbfh7gd53b foreign key (station_id) references station (id)
2023-12-05 17:06:06 [main] DEBUG org.hibernate.SQL - alter table stops add constraint FKfusas1nsg9bag3y08wp6b7n16 foreign key (train_id) references train (id)
2023-12-05 17:06:06 [main] DEBUG org.hibernate.SQL - alter table ticket add constraint FKffcj5t6w2fl0vhr82vw3wnr05 foreign key (end_stop_station_id) references stops (id)
2023-12-05 17:06:06 [main] DEBUG org.hibernate.SQL - alter table ticket add constraint FK3y0nr3g8pk6ygc173mjaaumgh foreign key (passenger_id) references passenger (id)
2023-12-05 17:06:06 [main] DEBUG org.hibernate.SQL - alter table ticket add constraint FKn8eptk6anc9d09j3hf9f7y654 foreign key (start_stop_station_id) references stops (id)
2023-12-05 17:06:06 [main] INFO  o.h.e.t.j.p.i.JtaPlatformInitiator - HHH000490: Using JtaPlatform implementation: [org.hibernate.engine.transaction.jta.platform.internal.NoJtaPlatform]
2023-12-05 17:06:06 [main] INFO  o.s.o.j.LocalContainerEntityManagerFactoryBean - Initialized JPA EntityManagerFactory for persistence unit 'default'
2023-12-05 17:06:06 [main] WARN  o.s.b.a.o.j.JpaBaseConfiguration$JpaWebConfiguration - spring.jpa.open-in-view is enabled by default. Therefore, database queries may be performed during view rendering. Explicitly configure spring.jpa.open-in-view to disable this warning
2023-12-05 17:06:06 [main] DEBUG org.hibernate.SQL - select count(*) as col_0_0_ from passenger passenger0_
2023-12-05 17:06:06 [main] INFO  c.a.t.domain.DataInitializer - Data initializer ON
2023-12-05 17:06:07 [main] WARN  o.s.b.a.s.s.UserDetailsServiceAutoConfiguration - 

Using generated security password: 3cb5cba5-4013-453e-bb5d-a21a1019f53b

This generated password is for development use only. Your security configuration must be updated before running your application in production.

2023-12-05 17:06:07 [main] INFO  o.s.s.web.DefaultSecurityFilterChain - Will secure any request with [org.springframework.security.web.session.DisableEncodeUrlFilter@733345f5, org.springframework.security.web.context.request.async.WebAsyncManagerIntegrationFilter@5add7380, org.springframework.security.web.context.SecurityContextPersistenceFilter@2b85edc7, org.springframework.security.web.header.HeaderWriterFilter@156f0281, org.springframework.web.filter.CorsFilter@e638553, org.springframework.security.web.authentication.logout.LogoutFilter@240f712e, com.adrianj.trainproject.config.jwt.filter.JwtAuthenticationFilter@1c25385a, org.springframework.security.web.savedrequest.RequestCacheAwareFilter@2559f65c, org.springframework.security.web.servletapi.SecurityContextHolderAwareRequestFilter@5f1c406e, org.springframework.security.web.authentication.AnonymousAuthenticationFilter@75d0cac6, org.springframework.security.web.session.SessionManagementFilter@8a11a19, org.springframework.security.web.access.ExceptionTranslationFilter@121f9c52, org.springframework.security.web.access.intercept.FilterSecurityInterceptor@34376069]
2023-12-05 17:06:07 [main] INFO  o.s.b.w.e.tomcat.TomcatWebServer - Tomcat started on port(s): 8034 (http) with context path ''
2023-12-05 17:06:07 [main] INFO  c.a.t.TrainprojectApplication - Started TrainprojectApplication in 6.602 seconds (JVM running for 7.754)
2023-12-05 17:06:28 [http-nio-8034-exec-1] INFO  o.a.c.c.C.[Tomcat].[localhost].[/] - Initializing Spring DispatcherServlet 'dispatcherServlet'
2023-12-05 17:06:28 [http-nio-8034-exec-1] INFO  o.s.web.servlet.DispatcherServlet - Initializing Servlet 'dispatcherServlet'
2023-12-05 17:06:28 [http-nio-8034-exec-1] INFO  o.s.web.servlet.DispatcherServlet - Completed initialization in 1 ms
2023-12-05 17:06:28 [http-nio-8034-exec-2] DEBUG org.hibernate.SQL - select passenger0_.id as id1_1_, passenger0_.date_birth as date_bir2_1_, passenger0_.email as email3_1_, passenger0_.employe as employe4_1_, passenger0_.name as name5_1_, passenger0_.password as password6_1_, passenger0_.surname as surname7_1_, passenger0_.username as username8_1_, passenger0_.validate as validate9_1_, passenger0_.validation_token as validat10_1_ from passenger passenger0_ where passenger0_.username=?
2023-12-05 17:06:28 [http-nio-8034-exec-2] TRACE o.h.type.descriptor.sql.BasicBinder - binding parameter [1] as [VARCHAR] - [adroyoyo]
2023-12-05 17:06:29 [http-nio-8034-exec-4] DEBUG org.hibernate.SQL - select train0_.id as id1_6_, train0_.number as number2_6_, train0_.seats as seats3_6_ from train train0_
2023-12-05 17:06:30 [http-nio-8034-exec-5] DEBUG org.hibernate.SQL - select train0_.id as id1_6_, train0_.number as number2_6_, train0_.seats as seats3_6_ from train train0_
2023-12-05 17:06:30 [http-nio-8034-exec-7] DEBUG org.hibernate.SQL - select stops0_.id as id1_4_, stops0_.schedule_id as schedule3_4_, stops0_.station_id as station_4_4_, stops0_.time as time2_4_, stops0_.train_id as train_id5_4_ from stops stops0_
2023-12-05 17:06:30 [http-nio-8034-exec-7] DEBUG org.hibernate.SQL - select schedule0_.id as id1_2_0_, schedule0_.train_id as train_id2_2_0_, train1_.id as id1_6_1_, train1_.number as number2_6_1_, train1_.seats as seats3_6_1_ from schedule schedule0_ left outer join train train1_ on schedule0_.train_id=train1_.id where schedule0_.id=?
2023-12-05 17:06:30 [http-nio-8034-exec-7] TRACE o.h.type.descriptor.sql.BasicBinder - binding parameter [1] as [BIGINT] - [1]
2023-12-05 17:06:30 [http-nio-8034-exec-7] DEBUG org.hibernate.SQL - select station0_.id as id1_3_0_, station0_.lat as lat2_3_0_, station0_.lng as lng3_3_0_, station0_.name as name4_3_0_ from station station0_ where station0_.id=?
2023-12-05 17:06:30 [http-nio-8034-exec-7] TRACE o.h.type.descriptor.sql.BasicBinder - binding parameter [1] as [BIGINT] - [1]
2023-12-05 17:06:30 [http-nio-8034-exec-7] DEBUG org.hibernate.SQL - select station0_.id as id1_3_0_, station0_.lat as lat2_3_0_, station0_.lng as lng3_3_0_, station0_.name as name4_3_0_ from station station0_ where station0_.id=?
2023-12-05 17:06:30 [http-nio-8034-exec-7] TRACE o.h.type.descriptor.sql.BasicBinder - binding parameter [1] as [BIGINT] - [2]
2023-12-05 17:06:30 [http-nio-8034-exec-7] DEBUG org.hibernate.SQL - select station0_.id as id1_3_0_, station0_.lat as lat2_3_0_, station0_.lng as lng3_3_0_, station0_.name as name4_3_0_ from station station0_ where station0_.id=?
2023-12-05 17:06:30 [http-nio-8034-exec-7] TRACE o.h.type.descriptor.sql.BasicBinder - binding parameter [1] as [BIGINT] - [3]
2023-12-05 17:06:30 [http-nio-8034-exec-7] DEBUG org.hibernate.SQL - select station0_.id as id1_3_0_, station0_.lat as lat2_3_0_, station0_.lng as lng3_3_0_, station0_.name as name4_3_0_ from station station0_ where station0_.id=?
2023-12-05 17:06:30 [http-nio-8034-exec-7] TRACE o.h.type.descriptor.sql.BasicBinder - binding parameter [1] as [BIGINT] - [11]
2023-12-05 17:06:30 [http-nio-8034-exec-7] DEBUG org.hibernate.SQL - select station0_.id as id1_3_0_, station0_.lat as lat2_3_0_, station0_.lng as lng3_3_0_, station0_.name as name4_3_0_ from station station0_ where station0_.id=?
2023-12-05 17:06:30 [http-nio-8034-exec-7] TRACE o.h.type.descriptor.sql.BasicBinder - binding parameter [1] as [BIGINT] - [24]
2023-12-05 17:06:30 [http-nio-8034-exec-7] DEBUG org.hibernate.SQL - select station0_.id as id1_3_0_, station0_.lat as lat2_3_0_, station0_.lng as lng3_3_0_, station0_.name as name4_3_0_ from station station0_ where station0_.id=?
2023-12-05 17:06:30 [http-nio-8034-exec-7] TRACE o.h.type.descriptor.sql.BasicBinder - binding parameter [1] as [BIGINT] - [16]
2023-12-05 17:06:30 [http-nio-8034-exec-7] DEBUG org.hibernate.SQL - select station0_.id as id1_3_0_, station0_.lat as lat2_3_0_, station0_.lng as lng3_3_0_, station0_.name as name4_3_0_ from station station0_ where station0_.id=?
2023-12-05 17:06:30 [http-nio-8034-exec-7] TRACE o.h.type.descriptor.sql.BasicBinder - binding parameter [1] as [BIGINT] - [9]
2023-12-05 17:06:30 [http-nio-8034-exec-7] DEBUG org.hibernate.SQL - select station0_.id as id1_3_0_, station0_.lat as lat2_3_0_, station0_.lng as lng3_3_0_, station0_.name as name4_3_0_ from station station0_ where station0_.id=?
2023-12-05 17:06:30 [http-nio-8034-exec-7] TRACE o.h.type.descriptor.sql.BasicBinder - binding parameter [1] as [BIGINT] - [8]
2023-12-05 17:06:30 [http-nio-8034-exec-7] DEBUG org.hibernate.SQL - select station0_.id as id1_3_0_, station0_.lat as lat2_3_0_, station0_.lng as lng3_3_0_, station0_.name as name4_3_0_ from station station0_ where station0_.id=?
2023-12-05 17:06:30 [http-nio-8034-exec-7] TRACE o.h.type.descriptor.sql.BasicBinder - binding parameter [1] as [BIGINT] - [20]
2023-12-05 17:06:30 [http-nio-8034-exec-7] DEBUG org.hibernate.SQL - select station0_.id as id1_3_0_, station0_.lat as lat2_3_0_, station0_.lng as lng3_3_0_, station0_.name as name4_3_0_ from station station0_ where station0_.id=?
2023-12-05 17:06:30 [http-nio-8034-exec-7] TRACE o.h.type.descriptor.sql.BasicBinder - binding parameter [1] as [BIGINT] - [5]
2023-12-05 17:06:30 [http-nio-8034-exec-7] DEBUG org.hibernate.SQL - select station0_.id as id1_3_0_, station0_.lat as lat2_3_0_, station0_.lng as lng3_3_0_, station0_.name as name4_3_0_ from station station0_ where station0_.id=?
2023-12-05 17:06:30 [http-nio-8034-exec-7] TRACE o.h.type.descriptor.sql.BasicBinder - binding parameter [1] as [BIGINT] - [12]
2023-12-05 17:06:30 [http-nio-8034-exec-7] DEBUG org.hibernate.SQL - select station0_.id as id1_3_0_, station0_.lat as lat2_3_0_, station0_.lng as lng3_3_0_, station0_.name as name4_3_0_ from station station0_ where station0_.id=?
2023-12-05 17:06:30 [http-nio-8034-exec-7] TRACE o.h.type.descriptor.sql.BasicBinder - binding parameter [1] as [BIGINT] - [15]
2023-12-05 17:06:30 [http-nio-8034-exec-7] DEBUG org.hibernate.SQL - select station0_.id as id1_3_0_, station0_.lat as lat2_3_0_, station0_.lng as lng3_3_0_, station0_.name as name4_3_0_ from station station0_ where station0_.id=?
2023-12-05 17:06:30 [http-nio-8034-exec-7] TRACE o.h.type.descriptor.sql.BasicBinder - binding parameter [1] as [BIGINT] - [7]
2023-12-05 17:06:30 [http-nio-8034-exec-7] DEBUG org.hibernate.SQL - select station0_.id as id1_3_0_, station0_.lat as lat2_3_0_, station0_.lng as lng3_3_0_, station0_.name as name4_3_0_ from station station0_ where station0_.id=?
2023-12-05 17:06:30 [http-nio-8034-exec-7] TRACE o.h.type.descriptor.sql.BasicBinder - binding parameter [1] as [BIGINT] - [25]
2023-12-05 17:06:30 [http-nio-8034-exec-7] DEBUG org.hibernate.SQL - select station0_.id as id1_3_0_, station0_.lat as lat2_3_0_, station0_.lng as lng3_3_0_, station0_.name as name4_3_0_ from station station0_ where station0_.id=?
2023-12-05 17:06:30 [http-nio-8034-exec-7] TRACE o.h.type.descriptor.sql.BasicBinder - binding parameter [1] as [BIGINT] - [13]
2023-12-05 17:06:30 [http-nio-8034-exec-7] DEBUG org.hibernate.SQL - select station0_.id as id1_3_0_, station0_.lat as lat2_3_0_, station0_.lng as lng3_3_0_, station0_.name as name4_3_0_ from station station0_ where station0_.id=?
2023-12-05 17:06:30 [http-nio-8034-exec-7] TRACE o.h.type.descriptor.sql.BasicBinder - binding parameter [1] as [BIGINT] - [22]
2023-12-05 17:06:30 [http-nio-8034-exec-7] DEBUG org.hibernate.SQL - select station0_.id as id1_3_0_, station0_.lat as lat2_3_0_, station0_.lng as lng3_3_0_, station0_.name as name4_3_0_ from station station0_ where station0_.id=?
2023-12-05 17:06:30 [http-nio-8034-exec-7] TRACE o.h.type.descriptor.sql.BasicBinder - binding parameter [1] as [BIGINT] - [18]
2023-12-05 17:06:30 [http-nio-8034-exec-7] DEBUG org.hibernate.SQL - select station0_.id as id1_3_0_, station0_.lat as lat2_3_0_, station0_.lng as lng3_3_0_, station0_.name as name4_3_0_ from station station0_ where station0_.id=?
2023-12-05 17:06:30 [http-nio-8034-exec-7] TRACE o.h.type.descriptor.sql.BasicBinder - binding parameter [1] as [BIGINT] - [14]
2023-12-05 17:06:30 [http-nio-8034-exec-7] DEBUG org.hibernate.SQL - select station0_.id as id1_3_0_, station0_.lat as lat2_3_0_, station0_.lng as lng3_3_0_, station0_.name as name4_3_0_ from station station0_ where station0_.id=?
2023-12-05 17:06:30 [http-nio-8034-exec-7] TRACE o.h.type.descriptor.sql.BasicBinder - binding parameter [1] as [BIGINT] - [10]
2023-12-05 17:06:30 [http-nio-8034-exec-7] DEBUG org.hibernate.SQL - select station0_.id as id1_3_0_, station0_.lat as lat2_3_0_, station0_.lng as lng3_3_0_, station0_.name as name4_3_0_ from station station0_ where station0_.id=?
2023-12-05 17:06:30 [http-nio-8034-exec-7] TRACE o.h.type.descriptor.sql.BasicBinder - binding parameter [1] as [BIGINT] - [27]
2023-12-05 17:06:30 [http-nio-8034-exec-7] DEBUG org.hibernate.SQL - select station0_.id as id1_3_0_, station0_.lat as lat2_3_0_, station0_.lng as lng3_3_0_, station0_.name as name4_3_0_ from station station0_ where station0_.id=?
2023-12-05 17:06:30 [http-nio-8034-exec-7] TRACE o.h.type.descriptor.sql.BasicBinder - binding parameter [1] as [BIGINT] - [28]
2023-12-05 17:06:30 [http-nio-8034-exec-7] DEBUG org.hibernate.SQL - select station0_.id as id1_3_0_, station0_.lat as lat2_3_0_, station0_.lng as lng3_3_0_, station0_.name as name4_3_0_ from station station0_ where station0_.id=?
2023-12-05 17:06:30 [http-nio-8034-exec-7] TRACE o.h.type.descriptor.sql.BasicBinder - binding parameter [1] as [BIGINT] - [30]
2023-12-05 17:06:30 [http-nio-8034-exec-7] DEBUG org.hibernate.SQL - select station0_.id as id1_3_0_, station0_.lat as lat2_3_0_, station0_.lng as lng3_3_0_, station0_.name as name4_3_0_ from station station0_ where station0_.id=?
2023-12-05 17:06:30 [http-nio-8034-exec-7] TRACE o.h.type.descriptor.sql.BasicBinder - binding parameter [1] as [BIGINT] - [21]
2023-12-05 17:06:30 [http-nio-8034-exec-7] DEBUG org.hibernate.SQL - select station0_.id as id1_3_0_, station0_.lat as lat2_3_0_, station0_.lng as lng3_3_0_, station0_.name as name4_3_0_ from station station0_ where station0_.id=?
2023-12-05 17:06:30 [http-nio-8034-exec-7] TRACE o.h.type.descriptor.sql.BasicBinder - binding parameter [1] as [BIGINT] - [17]
2023-12-05 17:06:30 [http-nio-8034-exec-7] DEBUG org.hibernate.SQL - select station0_.id as id1_3_0_, station0_.lat as lat2_3_0_, station0_.lng as lng3_3_0_, station0_.name as name4_3_0_ from station station0_ where station0_.id=?
2023-12-05 17:06:30 [http-nio-8034-exec-7] TRACE o.h.type.descriptor.sql.BasicBinder - binding parameter [1] as [BIGINT] - [29]
2023-12-05 17:06:30 [http-nio-8034-exec-7] DEBUG org.hibernate.SQL - select station0_.id as id1_3_0_, station0_.lat as lat2_3_0_, station0_.lng as lng3_3_0_, station0_.name as name4_3_0_ from station station0_ where station0_.id=?
2023-12-05 17:06:30 [http-nio-8034-exec-7] TRACE o.h.type.descriptor.sql.BasicBinder - binding parameter [1] as [BIGINT] - [19]
2023-12-05 17:06:30 [http-nio-8034-exec-7] DEBUG org.hibernate.SQL - select station0_.id as id1_3_0_, station0_.lat as lat2_3_0_, station0_.lng as lng3_3_0_, station0_.name as name4_3_0_ from station station0_ where station0_.id=?
2023-12-05 17:06:30 [http-nio-8034-exec-7] TRACE o.h.type.descriptor.sql.BasicBinder - binding parameter [1] as [BIGINT] - [26]
2023-12-05 17:06:30 [http-nio-8034-exec-7] DEBUG org.hibernate.SQL - select station0_.id as id1_3_0_, station0_.lat as lat2_3_0_, station0_.lng as lng3_3_0_, station0_.name as name4_3_0_ from station station0_ where station0_.id=?
2023-12-05 17:06:30 [http-nio-8034-exec-7] TRACE o.h.type.descriptor.sql.BasicBinder - binding parameter [1] as [BIGINT] - [4]
2023-12-05 17:06:30 [http-nio-8034-exec-7] DEBUG org.hibernate.SQL - select station0_.id as id1_3_0_, station0_.lat as lat2_3_0_, station0_.lng as lng3_3_0_, station0_.name as name4_3_0_ from station station0_ where station0_.id=?
2023-12-05 17:06:30 [http-nio-8034-exec-7] TRACE o.h.type.descriptor.sql.BasicBinder - binding parameter [1] as [BIGINT] - [23]
2023-12-05 17:06:30 [http-nio-8034-exec-7] DEBUG org.hibernate.SQL - select station0_.id as id1_3_0_, station0_.lat as lat2_3_0_, station0_.lng as lng3_3_0_, station0_.name as name4_3_0_ from station station0_ where station0_.id=?
2023-12-05 17:06:30 [http-nio-8034-exec-7] TRACE o.h.type.descriptor.sql.BasicBinder - binding parameter [1] as [BIGINT] - [6]
2023-12-05 17:06:30 [http-nio-8034-exec-7] DEBUG org.hibernate.SQL - select schedule0_.id as id1_2_0_, schedule0_.train_id as train_id2_2_0_, train1_.id as id1_6_1_, train1_.number as number2_6_1_, train1_.seats as seats3_6_1_ from schedule schedule0_ left outer join train train1_ on schedule0_.train_id=train1_.id where schedule0_.id=?
2023-12-05 17:06:30 [http-nio-8034-exec-7] TRACE o.h.type.descriptor.sql.BasicBinder - binding parameter [1] as [BIGINT] - [2]
2023-12-05 17:06:30 [http-nio-8034-exec-7] DEBUG org.hibernate.SQL - select schedule0_.id as id1_2_0_, schedule0_.train_id as train_id2_2_0_, train1_.id as id1_6_1_, train1_.number as number2_6_1_, train1_.seats as seats3_6_1_ from schedule schedule0_ left outer join train train1_ on schedule0_.train_id=train1_.id where schedule0_.id=?
2023-12-05 17:06:30 [http-nio-8034-exec-7] TRACE o.h.type.descriptor.sql.BasicBinder - binding parameter [1] as [BIGINT] - [3]
2023-12-05 17:06:30 [http-nio-8034-exec-7] DEBUG org.hibernate.SQL - select schedule0_.id as id1_2_0_, schedule0_.train_id as train_id2_2_0_, train1_.id as id1_6_1_, train1_.number as number2_6_1_, train1_.seats as seats3_6_1_ from schedule schedule0_ left outer join train train1_ on schedule0_.train_id=train1_.id where schedule0_.id=?
2023-12-05 17:06:30 [http-nio-8034-exec-7] TRACE o.h.type.descriptor.sql.BasicBinder - binding parameter [1] as [BIGINT] - [4]
2023-12-05 17:06:30 [http-nio-8034-exec-7] DEBUG org.hibernate.SQL - select schedule0_.id as id1_2_0_, schedule0_.train_id as train_id2_2_0_, train1_.id as id1_6_1_, train1_.number as number2_6_1_, train1_.seats as seats3_6_1_ from schedule schedule0_ left outer join train train1_ on schedule0_.train_id=train1_.id where schedule0_.id=?
2023-12-05 17:06:30 [http-nio-8034-exec-7] TRACE o.h.type.descriptor.sql.BasicBinder - binding parameter [1] as [BIGINT] - [5]
2023-12-05 17:06:30 [http-nio-8034-exec-7] DEBUG org.hibernate.SQL - select schedule0_.id as id1_2_0_, schedule0_.train_id as train_id2_2_0_, train1_.id as id1_6_1_, train1_.number as number2_6_1_, train1_.seats as seats3_6_1_ from schedule schedule0_ left outer join train train1_ on schedule0_.train_id=train1_.id where schedule0_.id=?
2023-12-05 17:06:30 [http-nio-8034-exec-7] TRACE o.h.type.descriptor.sql.BasicBinder - binding parameter [1] as [BIGINT] - [6]
2023-12-05 17:06:30 [http-nio-8034-exec-7] DEBUG org.hibernate.SQL - select schedule0_.id as id1_2_0_, schedule0_.train_id as train_id2_2_0_, train1_.id as id1_6_1_, train1_.number as number2_6_1_, train1_.seats as seats3_6_1_ from schedule schedule0_ left outer join train train1_ on schedule0_.train_id=train1_.id where schedule0_.id=?
2023-12-05 17:06:30 [http-nio-8034-exec-7] TRACE o.h.type.descriptor.sql.BasicBinder - binding parameter [1] as [BIGINT] - [7]
2023-12-05 17:06:30 [http-nio-8034-exec-7] DEBUG org.hibernate.SQL - select schedule0_.id as id1_2_0_, schedule0_.train_id as train_id2_2_0_, train1_.id as id1_6_1_, train1_.number as number2_6_1_, train1_.seats as seats3_6_1_ from schedule schedule0_ left outer join train train1_ on schedule0_.train_id=train1_.id where schedule0_.id=?
2023-12-05 17:06:30 [http-nio-8034-exec-7] TRACE o.h.type.descriptor.sql.BasicBinder - binding parameter [1] as [BIGINT] - [8]
2023-12-05 17:06:30 [http-nio-8034-exec-7] DEBUG org.hibernate.SQL - select schedule0_.id as id1_2_0_, schedule0_.train_id as train_id2_2_0_, train1_.id as id1_6_1_, train1_.number as number2_6_1_, train1_.seats as seats3_6_1_ from schedule schedule0_ left outer join train train1_ on schedule0_.train_id=train1_.id where schedule0_.id=?
2023-12-05 17:06:30 [http-nio-8034-exec-7] TRACE o.h.type.descriptor.sql.BasicBinder - binding parameter [1] as [BIGINT] - [9]
2023-12-05 17:06:30 [http-nio-8034-exec-7] DEBUG org.hibernate.SQL - select schedule0_.id as id1_2_0_, schedule0_.train_id as train_id2_2_0_, train1_.id as id1_6_1_, train1_.number as number2_6_1_, train1_.seats as seats3_6_1_ from schedule schedule0_ left outer join train train1_ on schedule0_.train_id=train1_.id where schedule0_.id=?
2023-12-05 17:06:30 [http-nio-8034-exec-7] TRACE o.h.type.descriptor.sql.BasicBinder - binding parameter [1] as [BIGINT] - [10]
2023-12-05 17:06:30 [http-nio-8034-exec-7] DEBUG org.hibernate.SQL - select schedule0_.id as id1_2_0_, schedule0_.train_id as train_id2_2_0_, train1_.id as id1_6_1_, train1_.number as number2_6_1_, train1_.seats as seats3_6_1_ from schedule schedule0_ left outer join train train1_ on schedule0_.train_id=train1_.id where schedule0_.id=?
2023-12-05 17:06:30 [http-nio-8034-exec-7] TRACE o.h.type.descriptor.sql.BasicBinder - binding parameter [1] as [BIGINT] - [11]
2023-12-05 17:06:30 [http-nio-8034-exec-7] DEBUG org.hibernate.SQL - select schedule0_.id as id1_2_0_, schedule0_.train_id as train_id2_2_0_, train1_.id as id1_6_1_, train1_.number as number2_6_1_, train1_.seats as seats3_6_1_ from schedule schedule0_ left outer join train train1_ on schedule0_.train_id=train1_.id where schedule0_.id=?
2023-12-05 17:06:30 [http-nio-8034-exec-7] TRACE o.h.type.descriptor.sql.BasicBinder - binding parameter [1] as [BIGINT] - [12]
2023-12-05 17:06:30 [http-nio-8034-exec-7] DEBUG org.hibernate.SQL - select schedule0_.id as id1_2_0_, schedule0_.train_id as train_id2_2_0_, train1_.id as id1_6_1_, train1_.number as number2_6_1_, train1_.seats as seats3_6_1_ from schedule schedule0_ left outer join train train1_ on schedule0_.train_id=train1_.id where schedule0_.id=?
2023-12-05 17:06:30 [http-nio-8034-exec-7] TRACE o.h.type.descriptor.sql.BasicBinder - binding parameter [1] as [BIGINT] - [13]
2023-12-05 17:06:30 [http-nio-8034-exec-7] DEBUG org.hibernate.SQL - select schedule0_.id as id1_2_0_, schedule0_.train_id as train_id2_2_0_, train1_.id as id1_6_1_, train1_.number as number2_6_1_, train1_.seats as seats3_6_1_ from schedule schedule0_ left outer join train train1_ on schedule0_.train_id=train1_.id where schedule0_.id=?
2023-12-05 17:06:30 [http-nio-8034-exec-7] TRACE o.h.type.descriptor.sql.BasicBinder - binding parameter [1] as [BIGINT] - [14]
2023-12-05 17:06:30 [http-nio-8034-exec-7] DEBUG org.hibernate.SQL - select schedule0_.id as id1_2_0_, schedule0_.train_id as train_id2_2_0_, train1_.id as id1_6_1_, train1_.number as number2_6_1_, train1_.seats as seats3_6_1_ from schedule schedule0_ left outer join train train1_ on schedule0_.train_id=train1_.id where schedule0_.id=?
2023-12-05 17:06:30 [http-nio-8034-exec-7] TRACE o.h.type.descriptor.sql.BasicBinder - binding parameter [1] as [BIGINT] - [15]
2023-12-05 17:06:30 [http-nio-8034-exec-7] DEBUG org.hibernate.SQL - select schedule0_.id as id1_2_0_, schedule0_.train_id as train_id2_2_0_, train1_.id as id1_6_1_, train1_.number as number2_6_1_, train1_.seats as seats3_6_1_ from schedule schedule0_ left outer join train train1_ on schedule0_.train_id=train1_.id where schedule0_.id=?
2023-12-05 17:06:30 [http-nio-8034-exec-7] TRACE o.h.type.descriptor.sql.BasicBinder - binding parameter [1] as [BIGINT] - [16]
2023-12-05 17:06:30 [http-nio-8034-exec-7] DEBUG org.hibernate.SQL - select schedule0_.id as id1_2_0_, schedule0_.train_id as train_id2_2_0_, train1_.id as id1_6_1_, train1_.number as number2_6_1_, train1_.seats as seats3_6_1_ from schedule schedule0_ left outer join train train1_ on schedule0_.train_id=train1_.id where schedule0_.id=?
2023-12-05 17:06:30 [http-nio-8034-exec-7] TRACE o.h.type.descriptor.sql.BasicBinder - binding parameter [1] as [BIGINT] - [17]
2023-12-05 17:06:30 [http-nio-8034-exec-7] DEBUG org.hibernate.SQL - select schedule0_.id as id1_2_0_, schedule0_.train_id as train_id2_2_0_, train1_.id as id1_6_1_, train1_.number as number2_6_1_, train1_.seats as seats3_6_1_ from schedule schedule0_ left outer join train train1_ on schedule0_.train_id=train1_.id where schedule0_.id=?
2023-12-05 17:06:30 [http-nio-8034-exec-7] TRACE o.h.type.descriptor.sql.BasicBinder - binding parameter [1] as [BIGINT] - [18]
2023-12-05 17:06:30 [http-nio-8034-exec-7] DEBUG org.hibernate.SQL - select schedule0_.id as id1_2_0_, schedule0_.train_id as train_id2_2_0_, train1_.id as id1_6_1_, train1_.number as number2_6_1_, train1_.seats as seats3_6_1_ from schedule schedule0_ left outer join train train1_ on schedule0_.train_id=train1_.id where schedule0_.id=?
2023-12-05 17:06:30 [http-nio-8034-exec-7] TRACE o.h.type.descriptor.sql.BasicBinder - binding parameter [1] as [BIGINT] - [19]
2023-12-05 17:06:30 [http-nio-8034-exec-7] DEBUG org.hibernate.SQL - select schedule0_.id as id1_2_0_, schedule0_.train_id as train_id2_2_0_, train1_.id as id1_6_1_, train1_.number as number2_6_1_, train1_.seats as seats3_6_1_ from schedule schedule0_ left outer join train train1_ on schedule0_.train_id=train1_.id where schedule0_.id=?
2023-12-05 17:06:30 [http-nio-8034-exec-7] TRACE o.h.type.descriptor.sql.BasicBinder - binding parameter [1] as [BIGINT] - [20]
2023-12-05 17:06:30 [http-nio-8034-exec-7] DEBUG org.hibernate.SQL - select schedule0_.id as id1_2_0_, schedule0_.train_id as train_id2_2_0_, train1_.id as id1_6_1_, train1_.number as number2_6_1_, train1_.seats as seats3_6_1_ from schedule schedule0_ left outer join train train1_ on schedule0_.train_id=train1_.id where schedule0_.id=?
2023-12-05 17:06:30 [http-nio-8034-exec-7] TRACE o.h.type.descriptor.sql.BasicBinder - binding parameter [1] as [BIGINT] - [21]
2023-12-05 17:06:30 [http-nio-8034-exec-7] DEBUG org.hibernate.SQL - select schedule0_.id as id1_2_0_, schedule0_.train_id as train_id2_2_0_, train1_.id as id1_6_1_, train1_.number as number2_6_1_, train1_.seats as seats3_6_1_ from schedule schedule0_ left outer join train train1_ on schedule0_.train_id=train1_.id where schedule0_.id=?
2023-12-05 17:06:30 [http-nio-8034-exec-7] TRACE o.h.type.descriptor.sql.BasicBinder - binding parameter [1] as [BIGINT] - [22]
2023-12-05 17:06:30 [http-nio-8034-exec-7] DEBUG org.hibernate.SQL - select schedule0_.id as id1_2_0_, schedule0_.train_id as train_id2_2_0_, train1_.id as id1_6_1_, train1_.number as number2_6_1_, train1_.seats as seats3_6_1_ from schedule schedule0_ left outer join train train1_ on schedule0_.train_id=train1_.id where schedule0_.id=?
2023-12-05 17:06:30 [http-nio-8034-exec-7] TRACE o.h.type.descriptor.sql.BasicBinder - binding parameter [1] as [BIGINT] - [23]
2023-12-05 17:06:30 [http-nio-8034-exec-7] DEBUG org.hibernate.SQL - select schedule0_.id as id1_2_0_, schedule0_.train_id as train_id2_2_0_, train1_.id as id1_6_1_, train1_.number as number2_6_1_, train1_.seats as seats3_6_1_ from schedule schedule0_ left outer join train train1_ on schedule0_.train_id=train1_.id where schedule0_.id=?
2023-12-05 17:06:30 [http-nio-8034-exec-7] TRACE o.h.type.descriptor.sql.BasicBinder - binding parameter [1] as [BIGINT] - [24]
2023-12-05 17:06:30 [http-nio-8034-exec-7] DEBUG org.hibernate.SQL - select schedule0_.id as id1_2_0_, schedule0_.train_id as train_id2_2_0_, train1_.id as id1_6_1_, train1_.number as number2_6_1_, train1_.seats as seats3_6_1_ from schedule schedule0_ left outer join train train1_ on schedule0_.train_id=train1_.id where schedule0_.id=?
2023-12-05 17:06:30 [http-nio-8034-exec-7] TRACE o.h.type.descriptor.sql.BasicBinder - binding parameter [1] as [BIGINT] - [25]
2023-12-05 17:06:30 [http-nio-8034-exec-7] DEBUG org.hibernate.SQL - select schedule0_.id as id1_2_0_, schedule0_.train_id as train_id2_2_0_, train1_.id as id1_6_1_, train1_.number as number2_6_1_, train1_.seats as seats3_6_1_ from schedule schedule0_ left outer join train train1_ on schedule0_.train_id=train1_.id where schedule0_.id=?
2023-12-05 17:06:30 [http-nio-8034-exec-7] TRACE o.h.type.descriptor.sql.BasicBinder - binding parameter [1] as [BIGINT] - [26]
2023-12-05 17:06:30 [http-nio-8034-exec-7] DEBUG org.hibernate.SQL - select schedule0_.id as id1_2_0_, schedule0_.train_id as train_id2_2_0_, train1_.id as id1_6_1_, train1_.number as number2_6_1_, train1_.seats as seats3_6_1_ from schedule schedule0_ left outer join train train1_ on schedule0_.train_id=train1_.id where schedule0_.id=?
2023-12-05 17:06:30 [http-nio-8034-exec-7] TRACE o.h.type.descriptor.sql.BasicBinder - binding parameter [1] as [BIGINT] - [27]
2023-12-05 17:06:30 [http-nio-8034-exec-7] DEBUG org.hibernate.SQL - select schedule0_.id as id1_2_0_, schedule0_.train_id as train_id2_2_0_, train1_.id as id1_6_1_, train1_.number as number2_6_1_, train1_.seats as seats3_6_1_ from schedule schedule0_ left outer join train train1_ on schedule0_.train_id=train1_.id where schedule0_.id=?
2023-12-05 17:06:30 [http-nio-8034-exec-7] TRACE o.h.type.descriptor.sql.BasicBinder - binding parameter [1] as [BIGINT] - [28]
2023-12-05 17:06:30 [http-nio-8034-exec-7] DEBUG org.hibernate.SQL - select schedule0_.id as id1_2_0_, schedule0_.train_id as train_id2_2_0_, train1_.id as id1_6_1_, train1_.number as number2_6_1_, train1_.seats as seats3_6_1_ from schedule schedule0_ left outer join train train1_ on schedule0_.train_id=train1_.id where schedule0_.id=?
2023-12-05 17:06:30 [http-nio-8034-exec-7] TRACE o.h.type.descriptor.sql.BasicBinder - binding parameter [1] as [BIGINT] - [29]
2023-12-05 17:06:30 [http-nio-8034-exec-7] DEBUG org.hibernate.SQL - select schedule0_.id as id1_2_0_, schedule0_.train_id as train_id2_2_0_, train1_.id as id1_6_1_, train1_.number as number2_6_1_, train1_.seats as seats3_6_1_ from schedule schedule0_ left outer join train train1_ on schedule0_.train_id=train1_.id where schedule0_.id=?
2023-12-05 17:06:30 [http-nio-8034-exec-7] TRACE o.h.type.descriptor.sql.BasicBinder - binding parameter [1] as [BIGINT] - [30]
2023-12-05 17:06:31 [http-nio-8034-exec-1] DEBUG org.hibernate.SQL - select schedule0_.id as id1_2_, schedule0_.train_id as train_id2_2_ from schedule schedule0_
2023-12-05 17:06:31 [http-nio-8034-exec-10] DEBUG org.hibernate.SQL - select station0_.id as id1_3_, station0_.lat as lat2_3_, station0_.lng as lng3_3_, station0_.name as name4_3_ from station station0_
2023-12-05 17:06:31 [http-nio-8034-exec-1] DEBUG org.hibernate.SQL - select train0_.id as id1_6_0_, train0_.number as number2_6_0_, train0_.seats as seats3_6_0_ from train train0_ where train0_.id=?
2023-12-05 17:06:31 [http-nio-8034-exec-1] TRACE o.h.type.descriptor.sql.BasicBinder - binding parameter [1] as [BIGINT] - [1]
2023-12-05 17:06:31 [http-nio-8034-exec-1] DEBUG org.hibernate.SQL - select train0_.id as id1_6_0_, train0_.number as number2_6_0_, train0_.seats as seats3_6_0_ from train train0_ where train0_.id=?
2023-12-05 17:06:31 [http-nio-8034-exec-1] TRACE o.h.type.descriptor.sql.BasicBinder - binding parameter [1] as [BIGINT] - [2]
2023-12-05 17:06:31 [http-nio-8034-exec-1] DEBUG org.hibernate.SQL - select train0_.id as id1_6_0_, train0_.number as number2_6_0_, train0_.seats as seats3_6_0_ from train train0_ where train0_.id=?
2023-12-05 17:06:31 [http-nio-8034-exec-1] TRACE o.h.type.descriptor.sql.BasicBinder - binding parameter [1] as [BIGINT] - [3]
2023-12-05 17:06:31 [http-nio-8034-exec-1] DEBUG org.hibernate.SQL - select train0_.id as id1_6_0_, train0_.number as number2_6_0_, train0_.seats as seats3_6_0_ from train train0_ where train0_.id=?
2023-12-05 17:06:31 [http-nio-8034-exec-1] TRACE o.h.type.descriptor.sql.BasicBinder - binding parameter [1] as [BIGINT] - [4]
2023-12-05 17:06:31 [http-nio-8034-exec-1] DEBUG org.hibernate.SQL - select train0_.id as id1_6_0_, train0_.number as number2_6_0_, train0_.seats as seats3_6_0_ from train train0_ where train0_.id=?
2023-12-05 17:06:31 [http-nio-8034-exec-1] TRACE o.h.type.descriptor.sql.BasicBinder - binding parameter [1] as [BIGINT] - [5]
2023-12-05 17:06:31 [http-nio-8034-exec-1] DEBUG org.hibernate.SQL - select train0_.id as id1_6_0_, train0_.number as number2_6_0_, train0_.seats as seats3_6_0_ from train train0_ where train0_.id=?
2023-12-05 17:06:31 [http-nio-8034-exec-1] TRACE o.h.type.descriptor.sql.BasicBinder - binding parameter [1] as [BIGINT] - [6]
2023-12-05 17:06:31 [http-nio-8034-exec-1] DEBUG org.hibernate.SQL - select train0_.id as id1_6_0_, train0_.number as number2_6_0_, train0_.seats as seats3_6_0_ from train train0_ where train0_.id=?
2023-12-05 17:06:31 [http-nio-8034-exec-1] TRACE o.h.type.descriptor.sql.BasicBinder - binding parameter [1] as [BIGINT] - [7]
2023-12-05 17:06:31 [http-nio-8034-exec-1] DEBUG org.hibernate.SQL - select train0_.id as id1_6_0_, train0_.number as number2_6_0_, train0_.seats as seats3_6_0_ from train train0_ where train0_.id=?
2023-12-05 17:06:31 [http-nio-8034-exec-1] TRACE o.h.type.descriptor.sql.BasicBinder - binding parameter [1] as [BIGINT] - [8]
2023-12-05 17:06:31 [http-nio-8034-exec-1] DEBUG org.hibernate.SQL - select train0_.id as id1_6_0_, train0_.number as number2_6_0_, train0_.seats as seats3_6_0_ from train train0_ where train0_.id=?
2023-12-05 17:06:31 [http-nio-8034-exec-1] TRACE o.h.type.descriptor.sql.BasicBinder - binding parameter [1] as [BIGINT] - [9]
2023-12-05 17:06:31 [http-nio-8034-exec-1] DEBUG org.hibernate.SQL - select train0_.id as id1_6_0_, train0_.number as number2_6_0_, train0_.seats as seats3_6_0_ from train train0_ where train0_.id=?
2023-12-05 17:06:31 [http-nio-8034-exec-1] TRACE o.h.type.descriptor.sql.BasicBinder - binding parameter [1] as [BIGINT] - [10]
2023-12-05 17:06:31 [http-nio-8034-exec-1] DEBUG org.hibernate.SQL - select train0_.id as id1_6_0_, train0_.number as number2_6_0_, train0_.seats as seats3_6_0_ from train train0_ where train0_.id=?
2023-12-05 17:06:31 [http-nio-8034-exec-1] TRACE o.h.type.descriptor.sql.BasicBinder - binding parameter [1] as [BIGINT] - [11]
2023-12-05 17:06:31 [http-nio-8034-exec-1] DEBUG org.hibernate.SQL - select train0_.id as id1_6_0_, train0_.number as number2_6_0_, train0_.seats as seats3_6_0_ from train train0_ where train0_.id=?
2023-12-05 17:06:31 [http-nio-8034-exec-1] TRACE o.h.type.descriptor.sql.BasicBinder - binding parameter [1] as [BIGINT] - [12]
2023-12-05 17:06:31 [http-nio-8034-exec-1] DEBUG org.hibernate.SQL - select train0_.id as id1_6_0_, train0_.number as number2_6_0_, train0_.seats as seats3_6_0_ from train train0_ where train0_.id=?
2023-12-05 17:06:31 [http-nio-8034-exec-1] TRACE o.h.type.descriptor.sql.BasicBinder - binding parameter [1] as [BIGINT] - [13]
2023-12-05 17:06:31 [http-nio-8034-exec-1] DEBUG org.hibernate.SQL - select train0_.id as id1_6_0_, train0_.number as number2_6_0_, train0_.seats as seats3_6_0_ from train train0_ where train0_.id=?
2023-12-05 17:06:31 [http-nio-8034-exec-1] TRACE o.h.type.descriptor.sql.BasicBinder - binding parameter [1] as [BIGINT] - [14]
2023-12-05 17:06:31 [http-nio-8034-exec-1] DEBUG org.hibernate.SQL - select train0_.id as id1_6_0_, train0_.number as number2_6_0_, train0_.seats as seats3_6_0_ from train train0_ where train0_.id=?
2023-12-05 17:06:31 [http-nio-8034-exec-1] TRACE o.h.type.descriptor.sql.BasicBinder - binding parameter [1] as [BIGINT] - [15]
2023-12-05 17:06:31 [http-nio-8034-exec-1] DEBUG org.hibernate.SQL - select train0_.id as id1_6_0_, train0_.number as number2_6_0_, train0_.seats as seats3_6_0_ from train train0_ where train0_.id=?
2023-12-05 17:06:31 [http-nio-8034-exec-1] TRACE o.h.type.descriptor.sql.BasicBinder - binding parameter [1] as [BIGINT] - [16]
2023-12-05 17:06:31 [http-nio-8034-exec-1] DEBUG org.hibernate.SQL - select train0_.id as id1_6_0_, train0_.number as number2_6_0_, train0_.seats as seats3_6_0_ from train train0_ where train0_.id=?
2023-12-05 17:06:31 [http-nio-8034-exec-1] TRACE o.h.type.descriptor.sql.BasicBinder - binding parameter [1] as [BIGINT] - [17]
2023-12-05 17:06:31 [http-nio-8034-exec-1] DEBUG org.hibernate.SQL - select train0_.id as id1_6_0_, train0_.number as number2_6_0_, train0_.seats as seats3_6_0_ from train train0_ where train0_.id=?
2023-12-05 17:06:31 [http-nio-8034-exec-1] TRACE o.h.type.descriptor.sql.BasicBinder - binding parameter [1] as [BIGINT] - [18]
2023-12-05 17:06:31 [http-nio-8034-exec-1] DEBUG org.hibernate.SQL - select train0_.id as id1_6_0_, train0_.number as number2_6_0_, train0_.seats as seats3_6_0_ from train train0_ where train0_.id=?
2023-12-05 17:06:31 [http-nio-8034-exec-1] TRACE o.h.type.descriptor.sql.BasicBinder - binding parameter [1] as [BIGINT] - [19]
2023-12-05 17:06:31 [http-nio-8034-exec-1] DEBUG org.hibernate.SQL - select train0_.id as id1_6_0_, train0_.number as number2_6_0_, train0_.seats as seats3_6_0_ from train train0_ where train0_.id=?
2023-12-05 17:06:31 [http-nio-8034-exec-1] TRACE o.h.type.descriptor.sql.BasicBinder - binding parameter [1] as [BIGINT] - [20]
2023-12-05 17:06:31 [http-nio-8034-exec-1] DEBUG org.hibernate.SQL - select train0_.id as id1_6_0_, train0_.number as number2_6_0_, train0_.seats as seats3_6_0_ from train train0_ where train0_.id=?
2023-12-05 17:06:31 [http-nio-8034-exec-1] TRACE o.h.type.descriptor.sql.BasicBinder - binding parameter [1] as [BIGINT] - [21]
2023-12-05 17:06:31 [http-nio-8034-exec-1] DEBUG org.hibernate.SQL - select train0_.id as id1_6_0_, train0_.number as number2_6_0_, train0_.seats as seats3_6_0_ from train train0_ where train0_.id=?
2023-12-05 17:06:31 [http-nio-8034-exec-1] TRACE o.h.type.descriptor.sql.BasicBinder - binding parameter [1] as [BIGINT] - [22]
2023-12-05 17:06:31 [http-nio-8034-exec-1] DEBUG org.hibernate.SQL - select train0_.id as id1_6_0_, train0_.number as number2_6_0_, train0_.seats as seats3_6_0_ from train train0_ where train0_.id=?
2023-12-05 17:06:31 [http-nio-8034-exec-1] TRACE o.h.type.descriptor.sql.BasicBinder - binding parameter [1] as [BIGINT] - [23]
2023-12-05 17:06:31 [http-nio-8034-exec-1] DEBUG org.hibernate.SQL - select train0_.id as id1_6_0_, train0_.number as number2_6_0_, train0_.seats as seats3_6_0_ from train train0_ where train0_.id=?
2023-12-05 17:06:31 [http-nio-8034-exec-1] TRACE o.h.type.descriptor.sql.BasicBinder - binding parameter [1] as [BIGINT] - [24]
2023-12-05 17:06:31 [http-nio-8034-exec-1] DEBUG org.hibernate.SQL - select train0_.id as id1_6_0_, train0_.number as number2_6_0_, train0_.seats as seats3_6_0_ from train train0_ where train0_.id=?
2023-12-05 17:06:31 [http-nio-8034-exec-1] TRACE o.h.type.descriptor.sql.BasicBinder - binding parameter [1] as [BIGINT] - [25]
2023-12-05 17:06:31 [http-nio-8034-exec-1] DEBUG org.hibernate.SQL - select train0_.id as id1_6_0_, train0_.number as number2_6_0_, train0_.seats as seats3_6_0_ from train train0_ where train0_.id=?
2023-12-05 17:06:31 [http-nio-8034-exec-1] TRACE o.h.type.descriptor.sql.BasicBinder - binding parameter [1] as [BIGINT] - [26]
2023-12-05 17:06:31 [http-nio-8034-exec-1] DEBUG org.hibernate.SQL - select train0_.id as id1_6_0_, train0_.number as number2_6_0_, train0_.seats as seats3_6_0_ from train train0_ where train0_.id=?
2023-12-05 17:06:31 [http-nio-8034-exec-1] TRACE o.h.type.descriptor.sql.BasicBinder - binding parameter [1] as [BIGINT] - [27]
2023-12-05 17:06:31 [http-nio-8034-exec-1] DEBUG org.hibernate.SQL - select train0_.id as id1_6_0_, train0_.number as number2_6_0_, train0_.seats as seats3_6_0_ from train train0_ where train0_.id=?
2023-12-05 17:06:31 [http-nio-8034-exec-1] TRACE o.h.type.descriptor.sql.BasicBinder - binding parameter [1] as [BIGINT] - [28]
2023-12-05 17:06:31 [http-nio-8034-exec-1] DEBUG org.hibernate.SQL - select train0_.id as id1_6_0_, train0_.number as number2_6_0_, train0_.seats as seats3_6_0_ from train train0_ where train0_.id=?
2023-12-05 17:06:31 [http-nio-8034-exec-1] TRACE o.h.type.descriptor.sql.BasicBinder - binding parameter [1] as [BIGINT] - [29]
2023-12-05 17:06:31 [http-nio-8034-exec-1] DEBUG org.hibernate.SQL - select train0_.id as id1_6_0_, train0_.number as number2_6_0_, train0_.seats as seats3_6_0_ from train train0_ where train0_.id=?
2023-12-05 17:06:31 [http-nio-8034-exec-1] TRACE o.h.type.descriptor.sql.BasicBinder - binding parameter [1] as [BIGINT] - [30]
2023-12-05 17:06:43 [http-nio-8034-exec-6] DEBUG org.hibernate.SQL - select station0_.id as id1_3_0_, station0_.lat as lat2_3_0_, station0_.lng as lng3_3_0_, station0_.name as name4_3_0_ from station station0_ where station0_.id=?
2023-12-05 17:06:43 [http-nio-8034-exec-6] TRACE o.h.type.descriptor.sql.BasicBinder - binding parameter [1] as [BIGINT] - [10]
2023-12-05 17:06:43 [http-nio-8034-exec-6] DEBUG org.hibernate.SQL - select train0_.id as id1_6_0_, train0_.number as number2_6_0_, train0_.seats as seats3_6_0_ from train train0_ where train0_.id=?
2023-12-05 17:06:43 [http-nio-8034-exec-6] TRACE o.h.type.descriptor.sql.BasicBinder - binding parameter [1] as [BIGINT] - [30]
2023-12-05 17:06:43 [http-nio-8034-exec-6] DEBUG org.hibernate.SQL - select schedule0_.id as id1_2_0_, schedule0_.train_id as train_id2_2_0_, train1_.id as id1_6_1_, train1_.number as number2_6_1_, train1_.seats as seats3_6_1_ from schedule schedule0_ left outer join train train1_ on schedule0_.train_id=train1_.id where schedule0_.id=?
2023-12-05 17:06:43 [http-nio-8034-exec-6] TRACE o.h.type.descriptor.sql.BasicBinder - binding parameter [1] as [BIGINT] - [1]
2023-12-05 17:06:43 [http-nio-8034-exec-6] DEBUG org.hibernate.SQL - select stops0_.id as id1_4_, stops0_.schedule_id as schedule3_4_, stops0_.station_id as station_4_4_, stops0_.time as time2_4_, stops0_.train_id as train_id5_4_ from stops stops0_
2023-12-05 17:06:43 [http-nio-8034-exec-6] DEBUG org.hibernate.SQL - select station0_.id as id1_3_0_, station0_.lat as lat2_3_0_, station0_.lng as lng3_3_0_, station0_.name as name4_3_0_ from station station0_ where station0_.id=?
2023-12-05 17:06:43 [http-nio-8034-exec-6] TRACE o.h.type.descriptor.sql.BasicBinder - binding parameter [1] as [BIGINT] - [1]
2023-12-05 17:06:43 [http-nio-8034-exec-6] DEBUG org.hibernate.SQL - select station0_.id as id1_3_0_, station0_.lat as lat2_3_0_, station0_.lng as lng3_3_0_, station0_.name as name4_3_0_ from station station0_ where station0_.id=?
2023-12-05 17:06:43 [http-nio-8034-exec-6] TRACE o.h.type.descriptor.sql.BasicBinder - binding parameter [1] as [BIGINT] - [2]
2023-12-05 17:06:43 [http-nio-8034-exec-6] DEBUG org.hibernate.SQL - select station0_.id as id1_3_0_, station0_.lat as lat2_3_0_, station0_.lng as lng3_3_0_, station0_.name as name4_3_0_ from station station0_ where station0_.id=?
2023-12-05 17:06:43 [http-nio-8034-exec-6] TRACE o.h.type.descriptor.sql.BasicBinder - binding parameter [1] as [BIGINT] - [3]
2023-12-05 17:06:43 [http-nio-8034-exec-6] DEBUG org.hibernate.SQL - select station0_.id as id1_3_0_, station0_.lat as lat2_3_0_, station0_.lng as lng3_3_0_, station0_.name as name4_3_0_ from station station0_ where station0_.id=?
2023-12-05 17:06:43 [http-nio-8034-exec-6] TRACE o.h.type.descriptor.sql.BasicBinder - binding parameter [1] as [BIGINT] - [11]
2023-12-05 17:06:43 [http-nio-8034-exec-6] DEBUG org.hibernate.SQL - select station0_.id as id1_3_0_, station0_.lat as lat2_3_0_, station0_.lng as lng3_3_0_, station0_.name as name4_3_0_ from station station0_ where station0_.id=?
2023-12-05 17:06:43 [http-nio-8034-exec-6] TRACE o.h.type.descriptor.sql.BasicBinder - binding parameter [1] as [BIGINT] - [24]
2023-12-05 17:06:43 [http-nio-8034-exec-6] DEBUG org.hibernate.SQL - select station0_.id as id1_3_0_, station0_.lat as lat2_3_0_, station0_.lng as lng3_3_0_, station0_.name as name4_3_0_ from station station0_ where station0_.id=?
2023-12-05 17:06:43 [http-nio-8034-exec-6] TRACE o.h.type.descriptor.sql.BasicBinder - binding parameter [1] as [BIGINT] - [16]
2023-12-05 17:06:43 [http-nio-8034-exec-6] DEBUG org.hibernate.SQL - select station0_.id as id1_3_0_, station0_.lat as lat2_3_0_, station0_.lng as lng3_3_0_, station0_.name as name4_3_0_ from station station0_ where station0_.id=?
2023-12-05 17:06:43 [http-nio-8034-exec-6] TRACE o.h.type.descriptor.sql.BasicBinder - binding parameter [1] as [BIGINT] - [9]
2023-12-05 17:06:43 [http-nio-8034-exec-6] DEBUG org.hibernate.SQL - select station0_.id as id1_3_0_, station0_.lat as lat2_3_0_, station0_.lng as lng3_3_0_, station0_.name as name4_3_0_ from station station0_ where station0_.id=?
2023-12-05 17:06:43 [http-nio-8034-exec-6] TRACE o.h.type.descriptor.sql.BasicBinder - binding parameter [1] as [BIGINT] - [8]
2023-12-05 17:06:43 [http-nio-8034-exec-6] DEBUG org.hibernate.SQL - select station0_.id as id1_3_0_, station0_.lat as lat2_3_0_, station0_.lng as lng3_3_0_, station0_.name as name4_3_0_ from station station0_ where station0_.id=?
2023-12-05 17:06:43 [http-nio-8034-exec-6] TRACE o.h.type.descriptor.sql.BasicBinder - binding parameter [1] as [BIGINT] - [20]
2023-12-05 17:06:43 [http-nio-8034-exec-6] DEBUG org.hibernate.SQL - select station0_.id as id1_3_0_, station0_.lat as lat2_3_0_, station0_.lng as lng3_3_0_, station0_.name as name4_3_0_ from station station0_ where station0_.id=?
2023-12-05 17:06:43 [http-nio-8034-exec-6] TRACE o.h.type.descriptor.sql.BasicBinder - binding parameter [1] as [BIGINT] - [5]
2023-12-05 17:06:43 [http-nio-8034-exec-6] DEBUG org.hibernate.SQL - select station0_.id as id1_3_0_, station0_.lat as lat2_3_0_, station0_.lng as lng3_3_0_, station0_.name as name4_3_0_ from station station0_ where station0_.id=?
2023-12-05 17:06:43 [http-nio-8034-exec-6] TRACE o.h.type.descriptor.sql.BasicBinder - binding parameter [1] as [BIGINT] - [12]
2023-12-05 17:06:43 [http-nio-8034-exec-6] DEBUG org.hibernate.SQL - select station0_.id as id1_3_0_, station0_.lat as lat2_3_0_, station0_.lng as lng3_3_0_, station0_.name as name4_3_0_ from station station0_ where station0_.id=?
2023-12-05 17:06:43 [http-nio-8034-exec-6] TRACE o.h.type.descriptor.sql.BasicBinder - binding parameter [1] as [BIGINT] - [15]
2023-12-05 17:06:43 [http-nio-8034-exec-6] DEBUG org.hibernate.SQL - select station0_.id as id1_3_0_, station0_.lat as lat2_3_0_, station0_.lng as lng3_3_0_, station0_.name as name4_3_0_ from station station0_ where station0_.id=?
2023-12-05 17:06:43 [http-nio-8034-exec-6] TRACE o.h.type.descriptor.sql.BasicBinder - binding parameter [1] as [BIGINT] - [7]
2023-12-05 17:06:43 [http-nio-8034-exec-6] DEBUG org.hibernate.SQL - select station0_.id as id1_3_0_, station0_.lat as lat2_3_0_, station0_.lng as lng3_3_0_, station0_.name as name4_3_0_ from station station0_ where station0_.id=?
2023-12-05 17:06:43 [http-nio-8034-exec-6] TRACE o.h.type.descriptor.sql.BasicBinder - binding parameter [1] as [BIGINT] - [25]
2023-12-05 17:06:43 [http-nio-8034-exec-6] DEBUG org.hibernate.SQL - select station0_.id as id1_3_0_, station0_.lat as lat2_3_0_, station0_.lng as lng3_3_0_, station0_.name as name4_3_0_ from station station0_ where station0_.id=?
2023-12-05 17:06:43 [http-nio-8034-exec-6] TRACE o.h.type.descriptor.sql.BasicBinder - binding parameter [1] as [BIGINT] - [13]
2023-12-05 17:06:43 [http-nio-8034-exec-6] DEBUG org.hibernate.SQL - select station0_.id as id1_3_0_, station0_.lat as lat2_3_0_, station0_.lng as lng3_3_0_, station0_.name as name4_3_0_ from station station0_ where station0_.id=?
2023-12-05 17:06:43 [http-nio-8034-exec-6] TRACE o.h.type.descriptor.sql.BasicBinder - binding parameter [1] as [BIGINT] - [22]
2023-12-05 17:06:43 [http-nio-8034-exec-6] DEBUG org.hibernate.SQL - select station0_.id as id1_3_0_, station0_.lat as lat2_3_0_, station0_.lng as lng3_3_0_, station0_.name as name4_3_0_ from station station0_ where station0_.id=?
2023-12-05 17:06:43 [http-nio-8034-exec-6] TRACE o.h.type.descriptor.sql.BasicBinder - binding parameter [1] as [BIGINT] - [18]
2023-12-05 17:06:43 [http-nio-8034-exec-6] DEBUG org.hibernate.SQL - select station0_.id as id1_3_0_, station0_.lat as lat2_3_0_, station0_.lng as lng3_3_0_, station0_.name as name4_3_0_ from station station0_ where station0_.id=?
2023-12-05 17:06:43 [http-nio-8034-exec-6] TRACE o.h.type.descriptor.sql.BasicBinder - binding parameter [1] as [BIGINT] - [14]
2023-12-05 17:06:43 [http-nio-8034-exec-6] DEBUG org.hibernate.SQL - select station0_.id as id1_3_0_, station0_.lat as lat2_3_0_, station0_.lng as lng3_3_0_, station0_.name as name4_3_0_ from station station0_ where station0_.id=?
2023-12-05 17:06:43 [http-nio-8034-exec-6] TRACE o.h.type.descriptor.sql.BasicBinder - binding parameter [1] as [BIGINT] - [27]
2023-12-05 17:06:43 [http-nio-8034-exec-6] DEBUG org.hibernate.SQL - select station0_.id as id1_3_0_, station0_.lat as lat2_3_0_, station0_.lng as lng3_3_0_, station0_.name as name4_3_0_ from station station0_ where station0_.id=?
2023-12-05 17:06:43 [http-nio-8034-exec-6] TRACE o.h.type.descriptor.sql.BasicBinder - binding parameter [1] as [BIGINT] - [28]
2023-12-05 17:06:43 [http-nio-8034-exec-6] DEBUG org.hibernate.SQL - select station0_.id as id1_3_0_, station0_.lat as lat2_3_0_, station0_.lng as lng3_3_0_, station0_.name as name4_3_0_ from station station0_ where station0_.id=?
2023-12-05 17:06:43 [http-nio-8034-exec-6] TRACE o.h.type.descriptor.sql.BasicBinder - binding parameter [1] as [BIGINT] - [30]
2023-12-05 17:06:43 [http-nio-8034-exec-6] DEBUG org.hibernate.SQL - select station0_.id as id1_3_0_, station0_.lat as lat2_3_0_, station0_.lng as lng3_3_0_, station0_.name as name4_3_0_ from station station0_ where station0_.id=?
2023-12-05 17:06:43 [http-nio-8034-exec-6] TRACE o.h.type.descriptor.sql.BasicBinder - binding parameter [1] as [BIGINT] - [21]
2023-12-05 17:06:43 [http-nio-8034-exec-6] DEBUG org.hibernate.SQL - select station0_.id as id1_3_0_, station0_.lat as lat2_3_0_, station0_.lng as lng3_3_0_, station0_.name as name4_3_0_ from station station0_ where station0_.id=?
2023-12-05 17:06:43 [http-nio-8034-exec-6] TRACE o.h.type.descriptor.sql.BasicBinder - binding parameter [1] as [BIGINT] - [17]
2023-12-05 17:06:43 [http-nio-8034-exec-6] DEBUG org.hibernate.SQL - select station0_.id as id1_3_0_, station0_.lat as lat2_3_0_, station0_.lng as lng3_3_0_, station0_.name as name4_3_0_ from station station0_ where station0_.id=?
2023-12-05 17:06:43 [http-nio-8034-exec-6] TRACE o.h.type.descriptor.sql.BasicBinder - binding parameter [1] as [BIGINT] - [29]
2023-12-05 17:06:43 [http-nio-8034-exec-6] DEBUG org.hibernate.SQL - select station0_.id as id1_3_0_, station0_.lat as lat2_3_0_, station0_.lng as lng3_3_0_, station0_.name as name4_3_0_ from station station0_ where station0_.id=?
2023-12-05 17:06:43 [http-nio-8034-exec-6] TRACE o.h.type.descriptor.sql.BasicBinder - binding parameter [1] as [BIGINT] - [19]
2023-12-05 17:06:43 [http-nio-8034-exec-6] DEBUG org.hibernate.SQL - select station0_.id as id1_3_0_, station0_.lat as lat2_3_0_, station0_.lng as lng3_3_0_, station0_.name as name4_3_0_ from station station0_ where station0_.id=?
2023-12-05 17:06:43 [http-nio-8034-exec-6] TRACE o.h.type.descriptor.sql.BasicBinder - binding parameter [1] as [BIGINT] - [26]
2023-12-05 17:06:43 [http-nio-8034-exec-6] DEBUG org.hibernate.SQL - select station0_.id as id1_3_0_, station0_.lat as lat2_3_0_, station0_.lng as lng3_3_0_, station0_.name as name4_3_0_ from station station0_ where station0_.id=?
2023-12-05 17:06:43 [http-nio-8034-exec-6] TRACE o.h.type.descriptor.sql.BasicBinder - binding parameter [1] as [BIGINT] - [4]
2023-12-05 17:06:43 [http-nio-8034-exec-6] DEBUG org.hibernate.SQL - select station0_.id as id1_3_0_, station0_.lat as lat2_3_0_, station0_.lng as lng3_3_0_, station0_.name as name4_3_0_ from station station0_ where station0_.id=?
2023-12-05 17:06:43 [http-nio-8034-exec-6] TRACE o.h.type.descriptor.sql.BasicBinder - binding parameter [1] as [BIGINT] - [23]
2023-12-05 17:06:43 [http-nio-8034-exec-6] DEBUG org.hibernate.SQL - select station0_.id as id1_3_0_, station0_.lat as lat2_3_0_, station0_.lng as lng3_3_0_, station0_.name as name4_3_0_ from station station0_ where station0_.id=?
2023-12-05 17:06:43 [http-nio-8034-exec-6] TRACE o.h.type.descriptor.sql.BasicBinder - binding parameter [1] as [BIGINT] - [6]
2023-12-05 17:06:43 [http-nio-8034-exec-6] DEBUG org.hibernate.SQL - select schedule0_.id as id1_2_0_, schedule0_.train_id as train_id2_2_0_, train1_.id as id1_6_1_, train1_.number as number2_6_1_, train1_.seats as seats3_6_1_ from schedule schedule0_ left outer join train train1_ on schedule0_.train_id=train1_.id where schedule0_.id=?
2023-12-05 17:06:43 [http-nio-8034-exec-6] TRACE o.h.type.descriptor.sql.BasicBinder - binding parameter [1] as [BIGINT] - [2]
2023-12-05 17:06:43 [http-nio-8034-exec-6] DEBUG org.hibernate.SQL - select schedule0_.id as id1_2_0_, schedule0_.train_id as train_id2_2_0_, train1_.id as id1_6_1_, train1_.number as number2_6_1_, train1_.seats as seats3_6_1_ from schedule schedule0_ left outer join train train1_ on schedule0_.train_id=train1_.id where schedule0_.id=?
2023-12-05 17:06:43 [http-nio-8034-exec-6] TRACE o.h.type.descriptor.sql.BasicBinder - binding parameter [1] as [BIGINT] - [3]
2023-12-05 17:06:43 [http-nio-8034-exec-6] DEBUG org.hibernate.SQL - select schedule0_.id as id1_2_0_, schedule0_.train_id as train_id2_2_0_, train1_.id as id1_6_1_, train1_.number as number2_6_1_, train1_.seats as seats3_6_1_ from schedule schedule0_ left outer join train train1_ on schedule0_.train_id=train1_.id where schedule0_.id=?
2023-12-05 17:06:43 [http-nio-8034-exec-6] TRACE o.h.type.descriptor.sql.BasicBinder - binding parameter [1] as [BIGINT] - [4]
2023-12-05 17:06:43 [http-nio-8034-exec-6] DEBUG org.hibernate.SQL - select schedule0_.id as id1_2_0_, schedule0_.train_id as train_id2_2_0_, train1_.id as id1_6_1_, train1_.number as number2_6_1_, train1_.seats as seats3_6_1_ from schedule schedule0_ left outer join train train1_ on schedule0_.train_id=train1_.id where schedule0_.id=?
2023-12-05 17:06:43 [http-nio-8034-exec-6] TRACE o.h.type.descriptor.sql.BasicBinder - binding parameter [1] as [BIGINT] - [5]
2023-12-05 17:06:43 [http-nio-8034-exec-6] DEBUG org.hibernate.SQL - select schedule0_.id as id1_2_0_, schedule0_.train_id as train_id2_2_0_, train1_.id as id1_6_1_, train1_.number as number2_6_1_, train1_.seats as seats3_6_1_ from schedule schedule0_ left outer join train train1_ on schedule0_.train_id=train1_.id where schedule0_.id=?
2023-12-05 17:06:43 [http-nio-8034-exec-6] TRACE o.h.type.descriptor.sql.BasicBinder - binding parameter [1] as [BIGINT] - [6]
2023-12-05 17:06:43 [http-nio-8034-exec-6] DEBUG org.hibernate.SQL - select schedule0_.id as id1_2_0_, schedule0_.train_id as train_id2_2_0_, train1_.id as id1_6_1_, train1_.number as number2_6_1_, train1_.seats as seats3_6_1_ from schedule schedule0_ left outer join train train1_ on schedule0_.train_id=train1_.id where schedule0_.id=?
2023-12-05 17:06:43 [http-nio-8034-exec-6] TRACE o.h.type.descriptor.sql.BasicBinder - binding parameter [1] as [BIGINT] - [7]
2023-12-05 17:06:43 [http-nio-8034-exec-6] DEBUG org.hibernate.SQL - select schedule0_.id as id1_2_0_, schedule0_.train_id as train_id2_2_0_, train1_.id as id1_6_1_, train1_.number as number2_6_1_, train1_.seats as seats3_6_1_ from schedule schedule0_ left outer join train train1_ on schedule0_.train_id=train1_.id where schedule0_.id=?
2023-12-05 17:06:43 [http-nio-8034-exec-6] TRACE o.h.type.descriptor.sql.BasicBinder - binding parameter [1] as [BIGINT] - [8]
2023-12-05 17:06:43 [http-nio-8034-exec-6] DEBUG org.hibernate.SQL - select schedule0_.id as id1_2_0_, schedule0_.train_id as train_id2_2_0_, train1_.id as id1_6_1_, train1_.number as number2_6_1_, train1_.seats as seats3_6_1_ from schedule schedule0_ left outer join train train1_ on schedule0_.train_id=train1_.id where schedule0_.id=?
2023-12-05 17:06:43 [http-nio-8034-exec-6] TRACE o.h.type.descriptor.sql.BasicBinder - binding parameter [1] as [BIGINT] - [9]
2023-12-05 17:06:43 [http-nio-8034-exec-6] DEBUG org.hibernate.SQL - select schedule0_.id as id1_2_0_, schedule0_.train_id as train_id2_2_0_, train1_.id as id1_6_1_, train1_.number as number2_6_1_, train1_.seats as seats3_6_1_ from schedule schedule0_ left outer join train train1_ on schedule0_.train_id=train1_.id where schedule0_.id=?
2023-12-05 17:06:43 [http-nio-8034-exec-6] TRACE o.h.type.descriptor.sql.BasicBinder - binding parameter [1] as [BIGINT] - [10]
2023-12-05 17:06:43 [http-nio-8034-exec-6] DEBUG org.hibernate.SQL - select schedule0_.id as id1_2_0_, schedule0_.train_id as train_id2_2_0_, train1_.id as id1_6_1_, train1_.number as number2_6_1_, train1_.seats as seats3_6_1_ from schedule schedule0_ left outer join train train1_ on schedule0_.train_id=train1_.id where schedule0_.id=?
2023-12-05 17:06:43 [http-nio-8034-exec-6] TRACE o.h.type.descriptor.sql.BasicBinder - binding parameter [1] as [BIGINT] - [11]
2023-12-05 17:06:43 [http-nio-8034-exec-6] DEBUG org.hibernate.SQL - select schedule0_.id as id1_2_0_, schedule0_.train_id as train_id2_2_0_, train1_.id as id1_6_1_, train1_.number as number2_6_1_, train1_.seats as seats3_6_1_ from schedule schedule0_ left outer join train train1_ on schedule0_.train_id=train1_.id where schedule0_.id=?
2023-12-05 17:06:43 [http-nio-8034-exec-6] TRACE o.h.type.descriptor.sql.BasicBinder - binding parameter [1] as [BIGINT] - [12]
2023-12-05 17:06:43 [http-nio-8034-exec-6] DEBUG org.hibernate.SQL - select schedule0_.id as id1_2_0_, schedule0_.train_id as train_id2_2_0_, train1_.id as id1_6_1_, train1_.number as number2_6_1_, train1_.seats as seats3_6_1_ from schedule schedule0_ left outer join train train1_ on schedule0_.train_id=train1_.id where schedule0_.id=?
2023-12-05 17:06:43 [http-nio-8034-exec-6] TRACE o.h.type.descriptor.sql.BasicBinder - binding parameter [1] as [BIGINT] - [13]
2023-12-05 17:06:43 [http-nio-8034-exec-6] DEBUG org.hibernate.SQL - select schedule0_.id as id1_2_0_, schedule0_.train_id as train_id2_2_0_, train1_.id as id1_6_1_, train1_.number as number2_6_1_, train1_.seats as seats3_6_1_ from schedule schedule0_ left outer join train train1_ on schedule0_.train_id=train1_.id where schedule0_.id=?
2023-12-05 17:06:43 [http-nio-8034-exec-6] TRACE o.h.type.descriptor.sql.BasicBinder - binding parameter [1] as [BIGINT] - [14]
2023-12-05 17:06:43 [http-nio-8034-exec-6] DEBUG org.hibernate.SQL - select schedule0_.id as id1_2_0_, schedule0_.train_id as train_id2_2_0_, train1_.id as id1_6_1_, train1_.number as number2_6_1_, train1_.seats as seats3_6_1_ from schedule schedule0_ left outer join train train1_ on schedule0_.train_id=train1_.id where schedule0_.id=?
2023-12-05 17:06:43 [http-nio-8034-exec-6] TRACE o.h.type.descriptor.sql.BasicBinder - binding parameter [1] as [BIGINT] - [15]
2023-12-05 17:06:43 [http-nio-8034-exec-6] DEBUG org.hibernate.SQL - select schedule0_.id as id1_2_0_, schedule0_.train_id as train_id2_2_0_, train1_.id as id1_6_1_, train1_.number as number2_6_1_, train1_.seats as seats3_6_1_ from schedule schedule0_ left outer join train train1_ on schedule0_.train_id=train1_.id where schedule0_.id=?
2023-12-05 17:06:43 [http-nio-8034-exec-6] TRACE o.h.type.descriptor.sql.BasicBinder - binding parameter [1] as [BIGINT] - [16]
2023-12-05 17:06:43 [http-nio-8034-exec-6] DEBUG org.hibernate.SQL - select schedule0_.id as id1_2_0_, schedule0_.train_id as train_id2_2_0_, train1_.id as id1_6_1_, train1_.number as number2_6_1_, train1_.seats as seats3_6_1_ from schedule schedule0_ left outer join train train1_ on schedule0_.train_id=train1_.id where schedule0_.id=?
2023-12-05 17:06:43 [http-nio-8034-exec-6] TRACE o.h.type.descriptor.sql.BasicBinder - binding parameter [1] as [BIGINT] - [17]
2023-12-05 17:06:43 [http-nio-8034-exec-6] DEBUG org.hibernate.SQL - select schedule0_.id as id1_2_0_, schedule0_.train_id as train_id2_2_0_, train1_.id as id1_6_1_, train1_.number as number2_6_1_, train1_.seats as seats3_6_1_ from schedule schedule0_ left outer join train train1_ on schedule0_.train_id=train1_.id where schedule0_.id=?
2023-12-05 17:06:43 [http-nio-8034-exec-6] TRACE o.h.type.descriptor.sql.BasicBinder - binding parameter [1] as [BIGINT] - [18]
2023-12-05 17:06:43 [http-nio-8034-exec-6] DEBUG org.hibernate.SQL - select schedule0_.id as id1_2_0_, schedule0_.train_id as train_id2_2_0_, train1_.id as id1_6_1_, train1_.number as number2_6_1_, train1_.seats as seats3_6_1_ from schedule schedule0_ left outer join train train1_ on schedule0_.train_id=train1_.id where schedule0_.id=?
2023-12-05 17:06:43 [http-nio-8034-exec-6] TRACE o.h.type.descriptor.sql.BasicBinder - binding parameter [1] as [BIGINT] - [19]
2023-12-05 17:06:43 [http-nio-8034-exec-6] DEBUG org.hibernate.SQL - select schedule0_.id as id1_2_0_, schedule0_.train_id as train_id2_2_0_, train1_.id as id1_6_1_, train1_.number as number2_6_1_, train1_.seats as seats3_6_1_ from schedule schedule0_ left outer join train train1_ on schedule0_.train_id=train1_.id where schedule0_.id=?
2023-12-05 17:06:43 [http-nio-8034-exec-6] TRACE o.h.type.descriptor.sql.BasicBinder - binding parameter [1] as [BIGINT] - [20]
2023-12-05 17:06:43 [http-nio-8034-exec-6] DEBUG org.hibernate.SQL - select schedule0_.id as id1_2_0_, schedule0_.train_id as train_id2_2_0_, train1_.id as id1_6_1_, train1_.number as number2_6_1_, train1_.seats as seats3_6_1_ from schedule schedule0_ left outer join train train1_ on schedule0_.train_id=train1_.id where schedule0_.id=?
2023-12-05 17:06:43 [http-nio-8034-exec-6] TRACE o.h.type.descriptor.sql.BasicBinder - binding parameter [1] as [BIGINT] - [21]
2023-12-05 17:06:43 [http-nio-8034-exec-6] DEBUG org.hibernate.SQL - select schedule0_.id as id1_2_0_, schedule0_.train_id as train_id2_2_0_, train1_.id as id1_6_1_, train1_.number as number2_6_1_, train1_.seats as seats3_6_1_ from schedule schedule0_ left outer join train train1_ on schedule0_.train_id=train1_.id where schedule0_.id=?
2023-12-05 17:06:43 [http-nio-8034-exec-6] TRACE o.h.type.descriptor.sql.BasicBinder - binding parameter [1] as [BIGINT] - [22]
2023-12-05 17:06:43 [http-nio-8034-exec-6] DEBUG org.hibernate.SQL - select schedule0_.id as id1_2_0_, schedule0_.train_id as train_id2_2_0_, train1_.id as id1_6_1_, train1_.number as number2_6_1_, train1_.seats as seats3_6_1_ from schedule schedule0_ left outer join train train1_ on schedule0_.train_id=train1_.id where schedule0_.id=?
2023-12-05 17:06:43 [http-nio-8034-exec-6] TRACE o.h.type.descriptor.sql.BasicBinder - binding parameter [1] as [BIGINT] - [23]
2023-12-05 17:06:43 [http-nio-8034-exec-6] DEBUG org.hibernate.SQL - select schedule0_.id as id1_2_0_, schedule0_.train_id as train_id2_2_0_, train1_.id as id1_6_1_, train1_.number as number2_6_1_, train1_.seats as seats3_6_1_ from schedule schedule0_ left outer join train train1_ on schedule0_.train_id=train1_.id where schedule0_.id=?
2023-12-05 17:06:43 [http-nio-8034-exec-6] TRACE o.h.type.descriptor.sql.BasicBinder - binding parameter [1] as [BIGINT] - [24]
2023-12-05 17:06:43 [http-nio-8034-exec-6] DEBUG org.hibernate.SQL - select schedule0_.id as id1_2_0_, schedule0_.train_id as train_id2_2_0_, train1_.id as id1_6_1_, train1_.number as number2_6_1_, train1_.seats as seats3_6_1_ from schedule schedule0_ left outer join train train1_ on schedule0_.train_id=train1_.id where schedule0_.id=?
2023-12-05 17:06:43 [http-nio-8034-exec-6] TRACE o.h.type.descriptor.sql.BasicBinder - binding parameter [1] as [BIGINT] - [25]
2023-12-05 17:06:43 [http-nio-8034-exec-6] DEBUG org.hibernate.SQL - select schedule0_.id as id1_2_0_, schedule0_.train_id as train_id2_2_0_, train1_.id as id1_6_1_, train1_.number as number2_6_1_, train1_.seats as seats3_6_1_ from schedule schedule0_ left outer join train train1_ on schedule0_.train_id=train1_.id where schedule0_.id=?
2023-12-05 17:06:43 [http-nio-8034-exec-6] TRACE o.h.type.descriptor.sql.BasicBinder - binding parameter [1] as [BIGINT] - [26]
2023-12-05 17:06:43 [http-nio-8034-exec-6] DEBUG org.hibernate.SQL - select schedule0_.id as id1_2_0_, schedule0_.train_id as train_id2_2_0_, train1_.id as id1_6_1_, train1_.number as number2_6_1_, train1_.seats as seats3_6_1_ from schedule schedule0_ left outer join train train1_ on schedule0_.train_id=train1_.id where schedule0_.id=?
2023-12-05 17:06:43 [http-nio-8034-exec-6] TRACE o.h.type.descriptor.sql.BasicBinder - binding parameter [1] as [BIGINT] - [27]
2023-12-05 17:06:43 [http-nio-8034-exec-6] DEBUG org.hibernate.SQL - select schedule0_.id as id1_2_0_, schedule0_.train_id as train_id2_2_0_, train1_.id as id1_6_1_, train1_.number as number2_6_1_, train1_.seats as seats3_6_1_ from schedule schedule0_ left outer join train train1_ on schedule0_.train_id=train1_.id where schedule0_.id=?
2023-12-05 17:06:43 [http-nio-8034-exec-6] TRACE o.h.type.descriptor.sql.BasicBinder - binding parameter [1] as [BIGINT] - [28]
2023-12-05 17:06:43 [http-nio-8034-exec-6] DEBUG org.hibernate.SQL - select schedule0_.id as id1_2_0_, schedule0_.train_id as train_id2_2_0_, train1_.id as id1_6_1_, train1_.number as number2_6_1_, train1_.seats as seats3_6_1_ from schedule schedule0_ left outer join train train1_ on schedule0_.train_id=train1_.id where schedule0_.id=?
2023-12-05 17:06:43 [http-nio-8034-exec-6] TRACE o.h.type.descriptor.sql.BasicBinder - binding parameter [1] as [BIGINT] - [29]
2023-12-05 17:06:43 [http-nio-8034-exec-6] DEBUG org.hibernate.SQL - select schedule0_.id as id1_2_0_, schedule0_.train_id as train_id2_2_0_, train1_.id as id1_6_1_, train1_.number as number2_6_1_, train1_.seats as seats3_6_1_ from schedule schedule0_ left outer join train train1_ on schedule0_.train_id=train1_.id where schedule0_.id=?
2023-12-05 17:06:43 [http-nio-8034-exec-6] TRACE o.h.type.descriptor.sql.BasicBinder - binding parameter [1] as [BIGINT] - [30]
2023-12-05 17:06:43 [http-nio-8034-exec-6] DEBUG org.hibernate.SQL - insert into stops (schedule_id, station_id, time, train_id) values (?, ?, ?, ?)
2023-12-05 17:06:43 [http-nio-8034-exec-6] TRACE o.h.type.descriptor.sql.BasicBinder - binding parameter [1] as [BIGINT] - [1]
2023-12-05 17:06:43 [http-nio-8034-exec-6] TRACE o.h.type.descriptor.sql.BasicBinder - binding parameter [2] as [BIGINT] - [10]
2023-12-05 17:06:43 [http-nio-8034-exec-6] TRACE o.h.type.descriptor.sql.BasicBinder - binding parameter [3] as [TIMESTAMP] - [Sat Dec 30 17:06:00 CET 2023]
2023-12-05 17:06:43 [http-nio-8034-exec-6] TRACE o.h.type.descriptor.sql.BasicBinder - binding parameter [4] as [BIGINT] - [30]
2023-12-05 17:06:43 [http-nio-8034-exec-7] DEBUG org.hibernate.SQL - select stops0_.id as id1_4_, stops0_.schedule_id as schedule3_4_, stops0_.station_id as station_4_4_, stops0_.time as time2_4_, stops0_.train_id as train_id5_4_ from stops stops0_
2023-12-05 17:06:43 [http-nio-8034-exec-7] DEBUG org.hibernate.SQL - select schedule0_.id as id1_2_0_, schedule0_.train_id as train_id2_2_0_, train1_.id as id1_6_1_, train1_.number as number2_6_1_, train1_.seats as seats3_6_1_ from schedule schedule0_ left outer join train train1_ on schedule0_.train_id=train1_.id where schedule0_.id=?
2023-12-05 17:06:43 [http-nio-8034-exec-7] TRACE o.h.type.descriptor.sql.BasicBinder - binding parameter [1] as [BIGINT] - [1]
2023-12-05 17:06:43 [http-nio-8034-exec-7] DEBUG org.hibernate.SQL - select station0_.id as id1_3_0_, station0_.lat as lat2_3_0_, station0_.lng as lng3_3_0_, station0_.name as name4_3_0_ from station station0_ where station0_.id=?
2023-12-05 17:06:43 [http-nio-8034-exec-7] TRACE o.h.type.descriptor.sql.BasicBinder - binding parameter [1] as [BIGINT] - [1]
2023-12-05 17:06:43 [http-nio-8034-exec-7] DEBUG org.hibernate.SQL - select station0_.id as id1_3_0_, station0_.lat as lat2_3_0_, station0_.lng as lng3_3_0_, station0_.name as name4_3_0_ from station station0_ where station0_.id=?
2023-12-05 17:06:43 [http-nio-8034-exec-7] TRACE o.h.type.descriptor.sql.BasicBinder - binding parameter [1] as [BIGINT] - [2]
2023-12-05 17:06:43 [http-nio-8034-exec-7] DEBUG org.hibernate.SQL - select station0_.id as id1_3_0_, station0_.lat as lat2_3_0_, station0_.lng as lng3_3_0_, station0_.name as name4_3_0_ from station station0_ where station0_.id=?
2023-12-05 17:06:43 [http-nio-8034-exec-7] TRACE o.h.type.descriptor.sql.BasicBinder - binding parameter [1] as [BIGINT] - [3]
2023-12-05 17:06:43 [http-nio-8034-exec-7] DEBUG org.hibernate.SQL - select station0_.id as id1_3_0_, station0_.lat as lat2_3_0_, station0_.lng as lng3_3_0_, station0_.name as name4_3_0_ from station station0_ where station0_.id=?
2023-12-05 17:06:43 [http-nio-8034-exec-7] TRACE o.h.type.descriptor.sql.BasicBinder - binding parameter [1] as [BIGINT] - [11]
2023-12-05 17:06:43 [http-nio-8034-exec-7] DEBUG org.hibernate.SQL - select station0_.id as id1_3_0_, station0_.lat as lat2_3_0_, station0_.lng as lng3_3_0_, station0_.name as name4_3_0_ from station station0_ where station0_.id=?
2023-12-05 17:06:43 [http-nio-8034-exec-7] TRACE o.h.type.descriptor.sql.BasicBinder - binding parameter [1] as [BIGINT] - [24]
2023-12-05 17:06:43 [http-nio-8034-exec-7] DEBUG org.hibernate.SQL - select station0_.id as id1_3_0_, station0_.lat as lat2_3_0_, station0_.lng as lng3_3_0_, station0_.name as name4_3_0_ from station station0_ where station0_.id=?
2023-12-05 17:06:43 [http-nio-8034-exec-7] TRACE o.h.type.descriptor.sql.BasicBinder - binding parameter [1] as [BIGINT] - [16]
2023-12-05 17:06:43 [http-nio-8034-exec-7] DEBUG org.hibernate.SQL - select station0_.id as id1_3_0_, station0_.lat as lat2_3_0_, station0_.lng as lng3_3_0_, station0_.name as name4_3_0_ from station station0_ where station0_.id=?
2023-12-05 17:06:43 [http-nio-8034-exec-7] TRACE o.h.type.descriptor.sql.BasicBinder - binding parameter [1] as [BIGINT] - [9]
2023-12-05 17:06:43 [http-nio-8034-exec-7] DEBUG org.hibernate.SQL - select station0_.id as id1_3_0_, station0_.lat as lat2_3_0_, station0_.lng as lng3_3_0_, station0_.name as name4_3_0_ from station station0_ where station0_.id=?
2023-12-05 17:06:43 [http-nio-8034-exec-7] TRACE o.h.type.descriptor.sql.BasicBinder - binding parameter [1] as [BIGINT] - [8]
2023-12-05 17:06:43 [http-nio-8034-exec-7] DEBUG org.hibernate.SQL - select station0_.id as id1_3_0_, station0_.lat as lat2_3_0_, station0_.lng as lng3_3_0_, station0_.name as name4_3_0_ from station station0_ where station0_.id=?
2023-12-05 17:06:43 [http-nio-8034-exec-7] TRACE o.h.type.descriptor.sql.BasicBinder - binding parameter [1] as [BIGINT] - [20]
2023-12-05 17:06:43 [http-nio-8034-exec-7] DEBUG org.hibernate.SQL - select station0_.id as id1_3_0_, station0_.lat as lat2_3_0_, station0_.lng as lng3_3_0_, station0_.name as name4_3_0_ from station station0_ where station0_.id=?
2023-12-05 17:06:43 [http-nio-8034-exec-7] TRACE o.h.type.descriptor.sql.BasicBinder - binding parameter [1] as [BIGINT] - [5]
2023-12-05 17:06:43 [http-nio-8034-exec-7] DEBUG org.hibernate.SQL - select station0_.id as id1_3_0_, station0_.lat as lat2_3_0_, station0_.lng as lng3_3_0_, station0_.name as name4_3_0_ from station station0_ where station0_.id=?
2023-12-05 17:06:43 [http-nio-8034-exec-7] TRACE o.h.type.descriptor.sql.BasicBinder - binding parameter [1] as [BIGINT] - [12]
2023-12-05 17:06:43 [http-nio-8034-exec-7] DEBUG org.hibernate.SQL - select station0_.id as id1_3_0_, station0_.lat as lat2_3_0_, station0_.lng as lng3_3_0_, station0_.name as name4_3_0_ from station station0_ where station0_.id=?
2023-12-05 17:06:43 [http-nio-8034-exec-7] TRACE o.h.type.descriptor.sql.BasicBinder - binding parameter [1] as [BIGINT] - [15]
2023-12-05 17:06:43 [http-nio-8034-exec-7] DEBUG org.hibernate.SQL - select station0_.id as id1_3_0_, station0_.lat as lat2_3_0_, station0_.lng as lng3_3_0_, station0_.name as name4_3_0_ from station station0_ where station0_.id=?
2023-12-05 17:06:43 [http-nio-8034-exec-7] TRACE o.h.type.descriptor.sql.BasicBinder - binding parameter [1] as [BIGINT] - [7]
2023-12-05 17:06:43 [http-nio-8034-exec-7] DEBUG org.hibernate.SQL - select station0_.id as id1_3_0_, station0_.lat as lat2_3_0_, station0_.lng as lng3_3_0_, station0_.name as name4_3_0_ from station station0_ where station0_.id=?
2023-12-05 17:06:43 [http-nio-8034-exec-7] TRACE o.h.type.descriptor.sql.BasicBinder - binding parameter [1] as [BIGINT] - [25]
2023-12-05 17:06:43 [http-nio-8034-exec-7] DEBUG org.hibernate.SQL - select station0_.id as id1_3_0_, station0_.lat as lat2_3_0_, station0_.lng as lng3_3_0_, station0_.name as name4_3_0_ from station station0_ where station0_.id=?
2023-12-05 17:06:43 [http-nio-8034-exec-7] TRACE o.h.type.descriptor.sql.BasicBinder - binding parameter [1] as [BIGINT] - [13]
2023-12-05 17:06:43 [http-nio-8034-exec-7] DEBUG org.hibernate.SQL - select station0_.id as id1_3_0_, station0_.lat as lat2_3_0_, station0_.lng as lng3_3_0_, station0_.name as name4_3_0_ from station station0_ where station0_.id=?
2023-12-05 17:06:43 [http-nio-8034-exec-7] TRACE o.h.type.descriptor.sql.BasicBinder - binding parameter [1] as [BIGINT] - [22]
2023-12-05 17:06:43 [http-nio-8034-exec-7] DEBUG org.hibernate.SQL - select station0_.id as id1_3_0_, station0_.lat as lat2_3_0_, station0_.lng as lng3_3_0_, station0_.name as name4_3_0_ from station station0_ where station0_.id=?
2023-12-05 17:06:43 [http-nio-8034-exec-7] TRACE o.h.type.descriptor.sql.BasicBinder - binding parameter [1] as [BIGINT] - [18]
2023-12-05 17:06:43 [http-nio-8034-exec-7] DEBUG org.hibernate.SQL - select station0_.id as id1_3_0_, station0_.lat as lat2_3_0_, station0_.lng as lng3_3_0_, station0_.name as name4_3_0_ from station station0_ where station0_.id=?
2023-12-05 17:06:43 [http-nio-8034-exec-7] TRACE o.h.type.descriptor.sql.BasicBinder - binding parameter [1] as [BIGINT] - [14]
2023-12-05 17:06:43 [http-nio-8034-exec-7] DEBUG org.hibernate.SQL - select station0_.id as id1_3_0_, station0_.lat as lat2_3_0_, station0_.lng as lng3_3_0_, station0_.name as name4_3_0_ from station station0_ where station0_.id=?
2023-12-05 17:06:43 [http-nio-8034-exec-7] TRACE o.h.type.descriptor.sql.BasicBinder - binding parameter [1] as [BIGINT] - [10]
2023-12-05 17:06:43 [http-nio-8034-exec-7] DEBUG org.hibernate.SQL - select station0_.id as id1_3_0_, station0_.lat as lat2_3_0_, station0_.lng as lng3_3_0_, station0_.name as name4_3_0_ from station station0_ where station0_.id=?
2023-12-05 17:06:43 [http-nio-8034-exec-7] TRACE o.h.type.descriptor.sql.BasicBinder - binding parameter [1] as [BIGINT] - [27]
2023-12-05 17:06:43 [http-nio-8034-exec-7] DEBUG org.hibernate.SQL - select station0_.id as id1_3_0_, station0_.lat as lat2_3_0_, station0_.lng as lng3_3_0_, station0_.name as name4_3_0_ from station station0_ where station0_.id=?
2023-12-05 17:06:43 [http-nio-8034-exec-7] TRACE o.h.type.descriptor.sql.BasicBinder - binding parameter [1] as [BIGINT] - [28]
2023-12-05 17:06:43 [http-nio-8034-exec-7] DEBUG org.hibernate.SQL - select station0_.id as id1_3_0_, station0_.lat as lat2_3_0_, station0_.lng as lng3_3_0_, station0_.name as name4_3_0_ from station station0_ where station0_.id=?
2023-12-05 17:06:43 [http-nio-8034-exec-7] TRACE o.h.type.descriptor.sql.BasicBinder - binding parameter [1] as [BIGINT] - [30]
2023-12-05 17:06:43 [http-nio-8034-exec-7] DEBUG org.hibernate.SQL - select station0_.id as id1_3_0_, station0_.lat as lat2_3_0_, station0_.lng as lng3_3_0_, station0_.name as name4_3_0_ from station station0_ where station0_.id=?
2023-12-05 17:06:43 [http-nio-8034-exec-7] TRACE o.h.type.descriptor.sql.BasicBinder - binding parameter [1] as [BIGINT] - [21]
2023-12-05 17:06:43 [http-nio-8034-exec-7] DEBUG org.hibernate.SQL - select station0_.id as id1_3_0_, station0_.lat as lat2_3_0_, station0_.lng as lng3_3_0_, station0_.name as name4_3_0_ from station station0_ where station0_.id=?
2023-12-05 17:06:43 [http-nio-8034-exec-7] TRACE o.h.type.descriptor.sql.BasicBinder - binding parameter [1] as [BIGINT] - [17]
2023-12-05 17:06:43 [http-nio-8034-exec-7] DEBUG org.hibernate.SQL - select station0_.id as id1_3_0_, station0_.lat as lat2_3_0_, station0_.lng as lng3_3_0_, station0_.name as name4_3_0_ from station station0_ where station0_.id=?
2023-12-05 17:06:43 [http-nio-8034-exec-7] TRACE o.h.type.descriptor.sql.BasicBinder - binding parameter [1] as [BIGINT] - [29]
2023-12-05 17:06:43 [http-nio-8034-exec-7] DEBUG org.hibernate.SQL - select station0_.id as id1_3_0_, station0_.lat as lat2_3_0_, station0_.lng as lng3_3_0_, station0_.name as name4_3_0_ from station station0_ where station0_.id=?
2023-12-05 17:06:43 [http-nio-8034-exec-7] TRACE o.h.type.descriptor.sql.BasicBinder - binding parameter [1] as [BIGINT] - [19]
2023-12-05 17:06:43 [http-nio-8034-exec-7] DEBUG org.hibernate.SQL - select station0_.id as id1_3_0_, station0_.lat as lat2_3_0_, station0_.lng as lng3_3_0_, station0_.name as name4_3_0_ from station station0_ where station0_.id=?
2023-12-05 17:06:43 [http-nio-8034-exec-7] TRACE o.h.type.descriptor.sql.BasicBinder - binding parameter [1] as [BIGINT] - [26]
2023-12-05 17:06:43 [http-nio-8034-exec-7] DEBUG org.hibernate.SQL - select station0_.id as id1_3_0_, station0_.lat as lat2_3_0_, station0_.lng as lng3_3_0_, station0_.name as name4_3_0_ from station station0_ where station0_.id=?
2023-12-05 17:06:43 [http-nio-8034-exec-7] TRACE o.h.type.descriptor.sql.BasicBinder - binding parameter [1] as [BIGINT] - [4]
2023-12-05 17:06:43 [http-nio-8034-exec-7] DEBUG org.hibernate.SQL - select station0_.id as id1_3_0_, station0_.lat as lat2_3_0_, station0_.lng as lng3_3_0_, station0_.name as name4_3_0_ from station station0_ where station0_.id=?
2023-12-05 17:06:43 [http-nio-8034-exec-7] TRACE o.h.type.descriptor.sql.BasicBinder - binding parameter [1] as [BIGINT] - [23]
2023-12-05 17:06:43 [http-nio-8034-exec-7] DEBUG org.hibernate.SQL - select station0_.id as id1_3_0_, station0_.lat as lat2_3_0_, station0_.lng as lng3_3_0_, station0_.name as name4_3_0_ from station station0_ where station0_.id=?
2023-12-05 17:06:43 [http-nio-8034-exec-7] TRACE o.h.type.descriptor.sql.BasicBinder - binding parameter [1] as [BIGINT] - [6]
2023-12-05 17:06:43 [http-nio-8034-exec-7] DEBUG org.hibernate.SQL - select schedule0_.id as id1_2_0_, schedule0_.train_id as train_id2_2_0_, train1_.id as id1_6_1_, train1_.number as number2_6_1_, train1_.seats as seats3_6_1_ from schedule schedule0_ left outer join train train1_ on schedule0_.train_id=train1_.id where schedule0_.id=?
2023-12-05 17:06:43 [http-nio-8034-exec-7] TRACE o.h.type.descriptor.sql.BasicBinder - binding parameter [1] as [BIGINT] - [2]
2023-12-05 17:06:43 [http-nio-8034-exec-7] DEBUG org.hibernate.SQL - select schedule0_.id as id1_2_0_, schedule0_.train_id as train_id2_2_0_, train1_.id as id1_6_1_, train1_.number as number2_6_1_, train1_.seats as seats3_6_1_ from schedule schedule0_ left outer join train train1_ on schedule0_.train_id=train1_.id where schedule0_.id=?
2023-12-05 17:06:43 [http-nio-8034-exec-7] TRACE o.h.type.descriptor.sql.BasicBinder - binding parameter [1] as [BIGINT] - [3]
2023-12-05 17:06:43 [http-nio-8034-exec-7] DEBUG org.hibernate.SQL - select schedule0_.id as id1_2_0_, schedule0_.train_id as train_id2_2_0_, train1_.id as id1_6_1_, train1_.number as number2_6_1_, train1_.seats as seats3_6_1_ from schedule schedule0_ left outer join train train1_ on schedule0_.train_id=train1_.id where schedule0_.id=?
2023-12-05 17:06:43 [http-nio-8034-exec-7] TRACE o.h.type.descriptor.sql.BasicBinder - binding parameter [1] as [BIGINT] - [4]
2023-12-05 17:06:43 [http-nio-8034-exec-7] DEBUG org.hibernate.SQL - select schedule0_.id as id1_2_0_, schedule0_.train_id as train_id2_2_0_, train1_.id as id1_6_1_, train1_.number as number2_6_1_, train1_.seats as seats3_6_1_ from schedule schedule0_ left outer join train train1_ on schedule0_.train_id=train1_.id where schedule0_.id=?
2023-12-05 17:06:43 [http-nio-8034-exec-7] TRACE o.h.type.descriptor.sql.BasicBinder - binding parameter [1] as [BIGINT] - [5]
2023-12-05 17:06:43 [http-nio-8034-exec-7] DEBUG org.hibernate.SQL - select schedule0_.id as id1_2_0_, schedule0_.train_id as train_id2_2_0_, train1_.id as id1_6_1_, train1_.number as number2_6_1_, train1_.seats as seats3_6_1_ from schedule schedule0_ left outer join train train1_ on schedule0_.train_id=train1_.id where schedule0_.id=?
2023-12-05 17:06:43 [http-nio-8034-exec-7] TRACE o.h.type.descriptor.sql.BasicBinder - binding parameter [1] as [BIGINT] - [6]
2023-12-05 17:06:43 [http-nio-8034-exec-7] DEBUG org.hibernate.SQL - select schedule0_.id as id1_2_0_, schedule0_.train_id as train_id2_2_0_, train1_.id as id1_6_1_, train1_.number as number2_6_1_, train1_.seats as seats3_6_1_ from schedule schedule0_ left outer join train train1_ on schedule0_.train_id=train1_.id where schedule0_.id=?
2023-12-05 17:06:43 [http-nio-8034-exec-7] TRACE o.h.type.descriptor.sql.BasicBinder - binding parameter [1] as [BIGINT] - [7]
2023-12-05 17:06:43 [http-nio-8034-exec-7] DEBUG org.hibernate.SQL - select schedule0_.id as id1_2_0_, schedule0_.train_id as train_id2_2_0_, train1_.id as id1_6_1_, train1_.number as number2_6_1_, train1_.seats as seats3_6_1_ from schedule schedule0_ left outer join train train1_ on schedule0_.train_id=train1_.id where schedule0_.id=?
2023-12-05 17:06:43 [http-nio-8034-exec-7] TRACE o.h.type.descriptor.sql.BasicBinder - binding parameter [1] as [BIGINT] - [8]
2023-12-05 17:06:43 [http-nio-8034-exec-7] DEBUG org.hibernate.SQL - select schedule0_.id as id1_2_0_, schedule0_.train_id as train_id2_2_0_, train1_.id as id1_6_1_, train1_.number as number2_6_1_, train1_.seats as seats3_6_1_ from schedule schedule0_ left outer join train train1_ on schedule0_.train_id=train1_.id where schedule0_.id=?
2023-12-05 17:06:43 [http-nio-8034-exec-7] TRACE o.h.type.descriptor.sql.BasicBinder - binding parameter [1] as [BIGINT] - [9]
2023-12-05 17:06:43 [http-nio-8034-exec-7] DEBUG org.hibernate.SQL - select schedule0_.id as id1_2_0_, schedule0_.train_id as train_id2_2_0_, train1_.id as id1_6_1_, train1_.number as number2_6_1_, train1_.seats as seats3_6_1_ from schedule schedule0_ left outer join train train1_ on schedule0_.train_id=train1_.id where schedule0_.id=?
2023-12-05 17:06:43 [http-nio-8034-exec-7] TRACE o.h.type.descriptor.sql.BasicBinder - binding parameter [1] as [BIGINT] - [10]
2023-12-05 17:06:43 [http-nio-8034-exec-7] DEBUG org.hibernate.SQL - select schedule0_.id as id1_2_0_, schedule0_.train_id as train_id2_2_0_, train1_.id as id1_6_1_, train1_.number as number2_6_1_, train1_.seats as seats3_6_1_ from schedule schedule0_ left outer join train train1_ on schedule0_.train_id=train1_.id where schedule0_.id=?
2023-12-05 17:06:43 [http-nio-8034-exec-7] TRACE o.h.type.descriptor.sql.BasicBinder - binding parameter [1] as [BIGINT] - [11]
2023-12-05 17:06:43 [http-nio-8034-exec-7] DEBUG org.hibernate.SQL - select schedule0_.id as id1_2_0_, schedule0_.train_id as train_id2_2_0_, train1_.id as id1_6_1_, train1_.number as number2_6_1_, train1_.seats as seats3_6_1_ from schedule schedule0_ left outer join train train1_ on schedule0_.train_id=train1_.id where schedule0_.id=?
2023-12-05 17:06:43 [http-nio-8034-exec-7] TRACE o.h.type.descriptor.sql.BasicBinder - binding parameter [1] as [BIGINT] - [12]
2023-12-05 17:06:43 [http-nio-8034-exec-7] DEBUG org.hibernate.SQL - select schedule0_.id as id1_2_0_, schedule0_.train_id as train_id2_2_0_, train1_.id as id1_6_1_, train1_.number as number2_6_1_, train1_.seats as seats3_6_1_ from schedule schedule0_ left outer join train train1_ on schedule0_.train_id=train1_.id where schedule0_.id=?
2023-12-05 17:06:43 [http-nio-8034-exec-7] TRACE o.h.type.descriptor.sql.BasicBinder - binding parameter [1] as [BIGINT] - [13]
2023-12-05 17:06:43 [http-nio-8034-exec-7] DEBUG org.hibernate.SQL - select schedule0_.id as id1_2_0_, schedule0_.train_id as train_id2_2_0_, train1_.id as id1_6_1_, train1_.number as number2_6_1_, train1_.seats as seats3_6_1_ from schedule schedule0_ left outer join train train1_ on schedule0_.train_id=train1_.id where schedule0_.id=?
2023-12-05 17:06:43 [http-nio-8034-exec-7] TRACE o.h.type.descriptor.sql.BasicBinder - binding parameter [1] as [BIGINT] - [14]
2023-12-05 17:06:43 [http-nio-8034-exec-7] DEBUG org.hibernate.SQL - select schedule0_.id as id1_2_0_, schedule0_.train_id as train_id2_2_0_, train1_.id as id1_6_1_, train1_.number as number2_6_1_, train1_.seats as seats3_6_1_ from schedule schedule0_ left outer join train train1_ on schedule0_.train_id=train1_.id where schedule0_.id=?
2023-12-05 17:06:43 [http-nio-8034-exec-7] TRACE o.h.type.descriptor.sql.BasicBinder - binding parameter [1] as [BIGINT] - [15]
2023-12-05 17:06:43 [http-nio-8034-exec-7] DEBUG org.hibernate.SQL - select schedule0_.id as id1_2_0_, schedule0_.train_id as train_id2_2_0_, train1_.id as id1_6_1_, train1_.number as number2_6_1_, train1_.seats as seats3_6_1_ from schedule schedule0_ left outer join train train1_ on schedule0_.train_id=train1_.id where schedule0_.id=?
2023-12-05 17:06:43 [http-nio-8034-exec-7] TRACE o.h.type.descriptor.sql.BasicBinder - binding parameter [1] as [BIGINT] - [16]
2023-12-05 17:06:43 [http-nio-8034-exec-7] DEBUG org.hibernate.SQL - select schedule0_.id as id1_2_0_, schedule0_.train_id as train_id2_2_0_, train1_.id as id1_6_1_, train1_.number as number2_6_1_, train1_.seats as seats3_6_1_ from schedule schedule0_ left outer join train train1_ on schedule0_.train_id=train1_.id where schedule0_.id=?
2023-12-05 17:06:43 [http-nio-8034-exec-7] TRACE o.h.type.descriptor.sql.BasicBinder - binding parameter [1] as [BIGINT] - [17]
2023-12-05 17:06:43 [http-nio-8034-exec-7] DEBUG org.hibernate.SQL - select schedule0_.id as id1_2_0_, schedule0_.train_id as train_id2_2_0_, train1_.id as id1_6_1_, train1_.number as number2_6_1_, train1_.seats as seats3_6_1_ from schedule schedule0_ left outer join train train1_ on schedule0_.train_id=train1_.id where schedule0_.id=?
2023-12-05 17:06:43 [http-nio-8034-exec-7] TRACE o.h.type.descriptor.sql.BasicBinder - binding parameter [1] as [BIGINT] - [18]
2023-12-05 17:06:43 [http-nio-8034-exec-7] DEBUG org.hibernate.SQL - select schedule0_.id as id1_2_0_, schedule0_.train_id as train_id2_2_0_, train1_.id as id1_6_1_, train1_.number as number2_6_1_, train1_.seats as seats3_6_1_ from schedule schedule0_ left outer join train train1_ on schedule0_.train_id=train1_.id where schedule0_.id=?
2023-12-05 17:06:43 [http-nio-8034-exec-7] TRACE o.h.type.descriptor.sql.BasicBinder - binding parameter [1] as [BIGINT] - [19]
2023-12-05 17:06:43 [http-nio-8034-exec-7] DEBUG org.hibernate.SQL - select schedule0_.id as id1_2_0_, schedule0_.train_id as train_id2_2_0_, train1_.id as id1_6_1_, train1_.number as number2_6_1_, train1_.seats as seats3_6_1_ from schedule schedule0_ left outer join train train1_ on schedule0_.train_id=train1_.id where schedule0_.id=?
2023-12-05 17:06:43 [http-nio-8034-exec-7] TRACE o.h.type.descriptor.sql.BasicBinder - binding parameter [1] as [BIGINT] - [20]
2023-12-05 17:06:43 [http-nio-8034-exec-7] DEBUG org.hibernate.SQL - select schedule0_.id as id1_2_0_, schedule0_.train_id as train_id2_2_0_, train1_.id as id1_6_1_, train1_.number as number2_6_1_, train1_.seats as seats3_6_1_ from schedule schedule0_ left outer join train train1_ on schedule0_.train_id=train1_.id where schedule0_.id=?
2023-12-05 17:06:43 [http-nio-8034-exec-7] TRACE o.h.type.descriptor.sql.BasicBinder - binding parameter [1] as [BIGINT] - [21]
2023-12-05 17:06:43 [http-nio-8034-exec-7] DEBUG org.hibernate.SQL - select schedule0_.id as id1_2_0_, schedule0_.train_id as train_id2_2_0_, train1_.id as id1_6_1_, train1_.number as number2_6_1_, train1_.seats as seats3_6_1_ from schedule schedule0_ left outer join train train1_ on schedule0_.train_id=train1_.id where schedule0_.id=?
2023-12-05 17:06:43 [http-nio-8034-exec-7] TRACE o.h.type.descriptor.sql.BasicBinder - binding parameter [1] as [BIGINT] - [22]
2023-12-05 17:06:43 [http-nio-8034-exec-7] DEBUG org.hibernate.SQL - select schedule0_.id as id1_2_0_, schedule0_.train_id as train_id2_2_0_, train1_.id as id1_6_1_, train1_.number as number2_6_1_, train1_.seats as seats3_6_1_ from schedule schedule0_ left outer join train train1_ on schedule0_.train_id=train1_.id where schedule0_.id=?
2023-12-05 17:06:43 [http-nio-8034-exec-7] TRACE o.h.type.descriptor.sql.BasicBinder - binding parameter [1] as [BIGINT] - [23]
2023-12-05 17:06:43 [http-nio-8034-exec-7] DEBUG org.hibernate.SQL - select schedule0_.id as id1_2_0_, schedule0_.train_id as train_id2_2_0_, train1_.id as id1_6_1_, train1_.number as number2_6_1_, train1_.seats as seats3_6_1_ from schedule schedule0_ left outer join train train1_ on schedule0_.train_id=train1_.id where schedule0_.id=?
2023-12-05 17:06:43 [http-nio-8034-exec-7] TRACE o.h.type.descriptor.sql.BasicBinder - binding parameter [1] as [BIGINT] - [24]
2023-12-05 17:06:43 [http-nio-8034-exec-7] DEBUG org.hibernate.SQL - select schedule0_.id as id1_2_0_, schedule0_.train_id as train_id2_2_0_, train1_.id as id1_6_1_, train1_.number as number2_6_1_, train1_.seats as seats3_6_1_ from schedule schedule0_ left outer join train train1_ on schedule0_.train_id=train1_.id where schedule0_.id=?
2023-12-05 17:06:43 [http-nio-8034-exec-7] TRACE o.h.type.descriptor.sql.BasicBinder - binding parameter [1] as [BIGINT] - [25]
2023-12-05 17:06:43 [http-nio-8034-exec-7] DEBUG org.hibernate.SQL - select schedule0_.id as id1_2_0_, schedule0_.train_id as train_id2_2_0_, train1_.id as id1_6_1_, train1_.number as number2_6_1_, train1_.seats as seats3_6_1_ from schedule schedule0_ left outer join train train1_ on schedule0_.train_id=train1_.id where schedule0_.id=?
2023-12-05 17:06:43 [http-nio-8034-exec-7] TRACE o.h.type.descriptor.sql.BasicBinder - binding parameter [1] as [BIGINT] - [26]
2023-12-05 17:06:43 [http-nio-8034-exec-7] DEBUG org.hibernate.SQL - select schedule0_.id as id1_2_0_, schedule0_.train_id as train_id2_2_0_, train1_.id as id1_6_1_, train1_.number as number2_6_1_, train1_.seats as seats3_6_1_ from schedule schedule0_ left outer join train train1_ on schedule0_.train_id=train1_.id where schedule0_.id=?
2023-12-05 17:06:43 [http-nio-8034-exec-7] TRACE o.h.type.descriptor.sql.BasicBinder - binding parameter [1] as [BIGINT] - [27]
2023-12-05 17:06:43 [http-nio-8034-exec-7] DEBUG org.hibernate.SQL - select schedule0_.id as id1_2_0_, schedule0_.train_id as train_id2_2_0_, train1_.id as id1_6_1_, train1_.number as number2_6_1_, train1_.seats as seats3_6_1_ from schedule schedule0_ left outer join train train1_ on schedule0_.train_id=train1_.id where schedule0_.id=?
2023-12-05 17:06:43 [http-nio-8034-exec-7] TRACE o.h.type.descriptor.sql.BasicBinder - binding parameter [1] as [BIGINT] - [28]
2023-12-05 17:06:43 [http-nio-8034-exec-7] DEBUG org.hibernate.SQL - select schedule0_.id as id1_2_0_, schedule0_.train_id as train_id2_2_0_, train1_.id as id1_6_1_, train1_.number as number2_6_1_, train1_.seats as seats3_6_1_ from schedule schedule0_ left outer join train train1_ on schedule0_.train_id=train1_.id where schedule0_.id=?
2023-12-05 17:06:43 [http-nio-8034-exec-7] TRACE o.h.type.descriptor.sql.BasicBinder - binding parameter [1] as [BIGINT] - [29]
2023-12-05 17:06:43 [http-nio-8034-exec-7] DEBUG org.hibernate.SQL - select schedule0_.id as id1_2_0_, schedule0_.train_id as train_id2_2_0_, train1_.id as id1_6_1_, train1_.number as number2_6_1_, train1_.seats as seats3_6_1_ from schedule schedule0_ left outer join train train1_ on schedule0_.train_id=train1_.id where schedule0_.id=?
2023-12-05 17:06:43 [http-nio-8034-exec-7] TRACE o.h.type.descriptor.sql.BasicBinder - binding parameter [1] as [BIGINT] - [30]
2023-12-05 17:07:00 [SpringApplicationShutdownHook] INFO  o.s.o.j.LocalContainerEntityManagerFactoryBean - Closing JPA EntityManagerFactory for persistence unit 'default'
2023-12-05 17:07:00 [SpringApplicationShutdownHook] INFO  com.zaxxer.hikari.HikariDataSource - HikariPool-1 - Shutdown initiated...
2023-12-05 17:07:00 [SpringApplicationShutdownHook] INFO  com.zaxxer.hikari.HikariDataSource - HikariPool-1 - Shutdown completed.
